INFO: [VRFC 10-2263] Analyzing Verilog file "E:/demo_axi_v2/demo_axi_v2.srcs/sources_1/imports/hdl_cores/aes/aes_192.v" into library xil_defaultlib
INFO: [VRFC 10-311] analyzing module aes_192
INFO: [VRFC 10-311] analyzing module expand_key_type_A_192
INFO: [VRFC 10-311] analyzing module expand_key_type_B_192
INFO: [VRFC 10-311] analyzing module expand_key_type_C_192
INFO: [VRFC 10-311] analyzing module expand_key_type_D_192
INFO: [VRFC 10-2263] Analyzing Verilog file "E:/demo_axi_v2/demo_axi_v2.srcs/sources_1/imports/hdl_cores/aes/aes_top.v" into library xil_defaultlib
INFO: [VRFC 10-311] analyzing module aes_top
INFO: [VRFC 10-2263] Analyzing Verilog file "E:/demo_axi_v2/demo_axi_v2.srcs/sources_1/imports/hdl_cores/clkgen/clkgen.v" into library xil_defaultlib
INFO: [VRFC 10-311] analyzing module clkgen
INFO: [VRFC 10-2263] Analyzing Verilog file "E:/demo_axi_v2/demo_axi_v2.srcs/sources_1/imports/picorv32-master/picorv32.v" into library xil_defaultlib
INFO: [VRFC 10-311] analyzing module picorv32
INFO: [VRFC 10-311] analyzing module picorv32_regs
INFO: [VRFC 10-311] analyzing module picorv32_pcpi_mul
INFO: [VRFC 10-311] analyzing module picorv32_pcpi_fast_mul
INFO: [VRFC 10-311] analyzing module picorv32_pcpi_div
INFO: [VRFC 10-311] analyzing module picoaxi
INFO: [VRFC 10-2458] undeclared symbol clk, assumed default net type wire [E:/demo_axi_v2/demo_axi_v2.srcs/sources_1/imports/picorv32-master/picorv32.v:2605]
INFO: [VRFC 10-2458] undeclared symbol resetn, assumed default net type wire [E:/demo_axi_v2/demo_axi_v2.srcs/sources_1/imports/picorv32-master/picorv32.v:2606]
INFO: [VRFC 10-311] analyzing module picorv32_axi_adapter
INFO: [VRFC 10-311] analyzing module picorv32_wb
INFO: [VRFC 10-2263] Analyzing Verilog file "E:/demo_axi_v2/demo_axi_v2.srcs/sources_1/imports/hdl_cores/ram/ram_wb.v" into library xil_defaultlib
INFO: [VRFC 10-311] analyzing module wbram
INFO: [VRFC 10-2263] Analyzing Verilog file "E:/demo_axi_v2/demo_axi_v2.srcs/sources_1/imports/hdl_cores/uart/raminfr.v" into library xil_defaultlib
INFO: [VRFC 10-311] analyzing module raminfr
INFO: [VRFC 10-2263] Analyzing Verilog file "E:/demo_axi_v2/demo_axi_v2.srcs/sources_1/imports/hdl_cores/aes/round.v" into library xil_defaultlib
INFO: [VRFC 10-311] analyzing module one_round
INFO: [VRFC 10-311] analyzing module final_round
INFO: [VRFC 10-2263] Analyzing Verilog file "E:/demo_axi_v2/demo_axi_v2.srcs/sources_1/imports/hdl_cores/aes/table.v" into library xil_defaultlib
INFO: [VRFC 10-311] analyzing module table_lookup
INFO: [VRFC 10-311] analyzing module S4
INFO: [VRFC 10-311] analyzing module T
INFO: [VRFC 10-311] analyzing module S
INFO: [VRFC 10-311] analyzing module xS
INFO: [VRFC 10-2263] Analyzing Verilog file "E:/demo_axi_v2/demo_axi_v2.srcs/sources_1/imports/hdl_cores/uart/uart_receiver.v" into library xil_defaultlib
INFO: [VRFC 10-311] analyzing module uart_receiver
INFO: [VRFC 10-2263] Analyzing Verilog file "E:/demo_axi_v2/demo_axi_v2.srcs/sources_1/imports/hdl_cores/uart/uart_regs.v" into library xil_defaultlib
INFO: [VRFC 10-311] analyzing module uart_regs
INFO: [VRFC 10-2263] Analyzing Verilog file "E:/demo_axi_v2/demo_axi_v2.srcs/sources_1/imports/hdl_cores/uart/uart_rfifo.v" into library xil_defaultlib
INFO: [VRFC 10-311] analyzing module uart_rfifo
INFO: [VRFC 10-2263] Analyzing Verilog file "E:/demo_axi_v2/demo_axi_v2.srcs/sources_1/imports/hdl_cores/uart/uart_sync_flops.v" into library xil_defaultlib
INFO: [VRFC 10-311] analyzing module uart_sync_flops
INFO: [VRFC 10-2263] Analyzing Verilog file "E:/demo_axi_v2/demo_axi_v2.srcs/sources_1/imports/hdl_cores/uart/uart_tfifo.v" into library xil_defaultlib
INFO: [VRFC 10-311] analyzing module uart_tfifo
INFO: [VRFC 10-2263] Analyzing Verilog file "E:/demo_axi_v2/demo_axi_v2.srcs/sources_1/imports/hdl_cores/uart/uart_top.v" into library xil_defaultlib
INFO: [VRFC 10-311] analyzing module uart_top
INFO: [VRFC 10-2263] Analyzing Verilog file "E:/demo_axi_v2/demo_axi_v2.srcs/sources_1/imports/hdl_cores/uart/uart_transmitter.v" into library xil_defaultlib
INFO: [VRFC 10-311] analyzing module uart_transmitter
INFO: [VRFC 10-2263] Analyzing Verilog file "E:/demo_axi_v2/demo_axi_v2.srcs/sources_1/imports/hdl_cores/uart/uart_wb.v" into library xil_defaultlib
INFO: [VRFC 10-311] analyzing module uart_wb
INFO: [VRFC 10-2263] Analyzing SystemVerilog file "E:/demo_axi_v2/demo_axi_v2.srcs/sources_1/imports/hdl_cores/aes/aes_top_axi4lite.sv" into library xil_defaultlib
INFO: [VRFC 10-311] analyzing module aes_top_axi4lite
INFO: [VRFC 10-2263] Analyzing SystemVerilog file "E:/demo_axi_v2/demo_axi_v2.srcs/sources_1/imports/src/axi_address_resolver.sv" into library xil_defaultlib
INFO: [VRFC 10-311] analyzing module axi_address_resolver
INFO: [VRFC 10-2263] Analyzing SystemVerilog file "E:/demo_axi_v2/demo_axi_v2.srcs/sources_1/imports/src/axi_arbiter.sv" into library xil_defaultlib
INFO: [VRFC 10-311] analyzing module axi_arbiter
INFO: [VRFC 10-311] analyzing module axi_arbiter_tree
INFO: [VRFC 10-2263] Analyzing SystemVerilog file "E:/demo_axi_v2/demo_axi_v2.srcs/sources_1/imports/src/axi_pkg.sv" into library xil_defaultlib
INFO: [VRFC 10-2263] Analyzing SystemVerilog file "E:/demo_axi_v2/demo_axi_v2.srcs/sources_1/imports/src/axi_intf.sv" into library xil_defaultlib
INFO: [VRFC 10-2263] Analyzing SystemVerilog file "E:/demo_axi_v2/demo_axi_v2.srcs/sources_1/imports/src/axi_lite_xbar.sv" into library xil_defaultlib
INFO: [VRFC 10-311] analyzing module axi_lite_xbar
INFO: [VRFC 10-311] analyzing module axi_lite_xbar_simple
INFO: [VRFC 10-2263] Analyzing SystemVerilog file "E:/demo_axi_v2/demo_axi_v2.srcs/sources_1/imports/top/picorv32_top_axi4lite.sv" into library xil_defaultlib
INFO: [VRFC 10-311] analyzing module picorv32_top_axi4lite
INFO: [VRFC 10-2263] Analyzing SystemVerilog file "E:/demo_axi_v2/demo_axi_v2.srcs/sources_1/imports/hdl_cores/ram/ram_top_axi4lite.sv" into library xil_defaultlib
INFO: [VRFC 10-311] analyzing module ram_top_axi4lite
INFO: [VRFC 10-2263] Analyzing SystemVerilog file "E:/demo_axi_v2/demo_axi_v2.srcs/sources_1/imports/hdl_cores/uart/uart_top_axi4lite.sv" into library xil_defaultlib
INFO: [VRFC 10-311] analyzing module uart_top_axi4lite
INFO: [VRFC 10-2263] Analyzing SystemVerilog file "E:/demo_axi_v2/demo_axi_v2.srcs/sources_1/imports/tool_demo/demo_axi.sv" into library xil_defaultlib
INFO: [VRFC 10-311] analyzing module demo_axi_top
INFO: [VRFC 10-2263] Analyzing Verilog file "E:/demo_axi_v2/demo_axi_v2.sim/sim_1/behav/xsim/glbl.v" into library xil_defaultlib
INFO: [VRFC 10-311] analyzing module glbl
