INFO: [VRFC 10-2263] Analyzing Verilog file "D:/One Drive/OneDrive - University of Florida/Xilinx/Test_m_7.23.2019/Test_m_7.23.2019.srcs/sources_1/imports/dsp/fir/FIR_filter.v" into library xil_defaultlib
INFO: [VRFC 10-311] analyzing module FIR_filter
INFO: [VRFC 10-311] analyzing module FIR_filter_firBlock_left_MultiplyBlock
INFO: [VRFC 10-311] analyzing module FIR_filter_firBlock_left
INFO: [VRFC 10-311] analyzing module FIR_filter_firBlock_right_MultiplyBlock
INFO: [VRFC 10-311] analyzing module FIR_filter_firBlock_right
INFO: [VRFC 10-2263] Analyzing Verilog file "D:/One Drive/OneDrive - University of Florida/Xilinx/Test_m_7.23.2019/Test_m_7.23.2019.srcs/sources_1/imports/dsp/iir/IIR_filter.v" into library xil_defaultlib
INFO: [VRFC 10-311] analyzing module IIR_filter_firBlock_left_MultiplyBlock
INFO: [VRFC 10-311] analyzing module IIR_filter_firBlock_left
INFO: [VRFC 10-311] analyzing module IIR_filter_firBlock_right_MultiplyBlock
INFO: [VRFC 10-311] analyzing module IIR_filter_firBlock_right
INFO: [VRFC 10-311] analyzing module IIR_filter
INFO: [VRFC 10-2263] Analyzing Verilog file "D:/One Drive/OneDrive - University of Florida/Xilinx/Test_m_7.23.2019/Test_m_7.23.2019.srcs/sources_1/imports/hdl_cores/rsa/rtl/adder.v" into library xil_defaultlib
INFO: [VRFC 10-311] analyzing module adder
INFO: [VRFC 10-2263] Analyzing Verilog file "D:/One Drive/OneDrive - University of Florida/Xilinx/Test_m_7.23.2019/Test_m_7.23.2019.srcs/sources_1/imports/hdl_cores/aes/aes_192.v" into library xil_defaultlib
INFO: [VRFC 10-311] analyzing module aes_192
INFO: [VRFC 10-311] analyzing module expand_key_type_A_192
INFO: [VRFC 10-311] analyzing module expand_key_type_B_192
INFO: [VRFC 10-311] analyzing module expand_key_type_C_192
INFO: [VRFC 10-311] analyzing module expand_key_type_D_192
INFO: [VRFC 10-2263] Analyzing Verilog file "D:/One Drive/OneDrive - University of Florida/Xilinx/Test_m_7.23.2019/Test_m_7.23.2019.srcs/sources_1/imports/hdl_cores/aes/aes_top.v" into library xil_defaultlib
INFO: [VRFC 10-311] analyzing module aes_top
INFO: [VRFC 10-2263] Analyzing Verilog file "D:/One Drive/OneDrive - University of Florida/Xilinx/Test_m_7.23.2019/Test_m_7.23.2019.srcs/sources_1/imports/hdl_cores/rsa/rtl/blockmem1r1w.v" into library xil_defaultlib
INFO: [VRFC 10-311] analyzing module blockmem1r1w
INFO: [VRFC 10-2263] Analyzing Verilog file "D:/One Drive/OneDrive - University of Florida/Xilinx/Test_m_7.23.2019/Test_m_7.23.2019.srcs/sources_1/imports/hdl_cores/rsa/rtl/blockmem2r1w.v" into library xil_defaultlib
INFO: [VRFC 10-311] analyzing module blockmem2r1w
INFO: [VRFC 10-2263] Analyzing Verilog file "D:/One Drive/OneDrive - University of Florida/Xilinx/Test_m_7.23.2019/Test_m_7.23.2019.srcs/sources_1/imports/hdl_cores/rsa/rtl/blockmem2r1wptr.v" into library xil_defaultlib
INFO: [VRFC 10-311] analyzing module blockmem2r1wptr
INFO: [VRFC 10-2263] Analyzing Verilog file "D:/One Drive/OneDrive - University of Florida/Xilinx/Test_m_7.23.2019/Test_m_7.23.2019.srcs/sources_1/imports/hdl_cores/rsa/rtl/blockmem2rptr1w.v" into library xil_defaultlib
INFO: [VRFC 10-311] analyzing module blockmem2rptr1w
INFO: [VRFC 10-2263] Analyzing Verilog file "D:/One Drive/OneDrive - University of Florida/Xilinx/Test_m_7.23.2019/Test_m_7.23.2019.srcs/sources_1/imports/hdl_cores/gps/cacode.v" into library xil_defaultlib
INFO: [VRFC 10-311] analyzing module cacode
INFO: [VRFC 10-2263] Analyzing Verilog file "D:/One Drive/OneDrive - University of Florida/Xilinx/Test_m_7.23.2019/Test_m_7.23.2019.srcs/sources_1/imports/hdl_cores/clkgen/clkgen.v" into library xil_defaultlib
INFO: [VRFC 10-311] analyzing module clkgen
INFO: [VRFC 10-2263] Analyzing Verilog file "D:/One Drive/OneDrive - University of Florida/Xilinx/Test_m_7.23.2019/Test_m_7.23.2019.srcs/sources_1/imports/hdl_cores/des3/crp.v" into library xil_defaultlib
INFO: [VRFC 10-311] analyzing module crp
INFO: [VRFC 10-2263] Analyzing Verilog file "D:/One Drive/OneDrive - University of Florida/Xilinx/Test_m_7.23.2019/Test_m_7.23.2019.srcs/sources_1/imports/hdl_cores/des3/des3.v" into library xil_defaultlib
INFO: [VRFC 10-311] analyzing module des3
INFO: [VRFC 10-2263] Analyzing Verilog file "D:/One Drive/OneDrive - University of Florida/Xilinx/Test_m_7.23.2019/Test_m_7.23.2019.srcs/sources_1/imports/hdl_cores/des3/des3_top.v" into library xil_defaultlib
INFO: [VRFC 10-311] analyzing module des3_top
INFO: [VRFC 10-2263] Analyzing Verilog file "D:/One Drive/OneDrive - University of Florida/Xilinx/Test_m_7.23.2019/Test_m_7.23.2019.srcs/sources_1/imports/dsp/dft/dft_top.v" into library xil_defaultlib
INFO: [VRFC 10-311] analyzing module dft_top
INFO: [VRFC 10-311] analyzing module rc82445
INFO: [VRFC 10-311] analyzing module swNet82443
INFO: [VRFC 10-311] analyzing module perm82443
INFO: [VRFC 10-2458] undeclared symbol tm0_d, assumed default net type wire [D:/One Drive/OneDrive - University of Florida/Xilinx/Test_m_7.23.2019/Test_m_7.23.2019.srcs/sources_1/imports/dsp/dft/dft_top.v:520]
INFO: [VRFC 10-2458] undeclared symbol tm0_dd, assumed default net type wire [D:/One Drive/OneDrive - University of Florida/Xilinx/Test_m_7.23.2019/Test_m_7.23.2019.srcs/sources_1/imports/dsp/dft/dft_top.v:521]
INFO: [VRFC 10-311] analyzing module memMod
INFO: [VRFC 10-311] analyzing module memMod_dist
INFO: [VRFC 10-311] analyzing module shiftRegFIFO
INFO: [VRFC 10-311] analyzing module nextReg
INFO: [VRFC 10-311] analyzing module codeBlock82447
INFO: [VRFC 10-311] analyzing module rc82529
INFO: [VRFC 10-311] analyzing module swNet82527
INFO: [VRFC 10-311] analyzing module perm82527
INFO: [VRFC 10-2458] undeclared symbol tm1_d, assumed default net type wire [D:/One Drive/OneDrive - University of Florida/Xilinx/Test_m_7.23.2019/Test_m_7.23.2019.srcs/sources_1/imports/dsp/dft/dft_top.v:1074]
INFO: [VRFC 10-2458] undeclared symbol tm1_dd, assumed default net type wire [D:/One Drive/OneDrive - University of Florida/Xilinx/Test_m_7.23.2019/Test_m_7.23.2019.srcs/sources_1/imports/dsp/dft/dft_top.v:1075]
INFO: [VRFC 10-311] analyzing module DirSum_82710
INFO: [VRFC 10-311] analyzing module D18_82700
INFO: [VRFC 10-311] analyzing module D20_82708
INFO: [VRFC 10-311] analyzing module codeBlock82532
INFO: [VRFC 10-311] analyzing module codeBlock82713
INFO: [VRFC 10-311] analyzing module rc82795
INFO: [VRFC 10-311] analyzing module swNet82793
INFO: [VRFC 10-311] analyzing module perm82793
INFO: [VRFC 10-2458] undeclared symbol tm6_d, assumed default net type wire [D:/One Drive/OneDrive - University of Florida/Xilinx/Test_m_7.23.2019/Test_m_7.23.2019.srcs/sources_1/imports/dsp/dft/dft_top.v:1646]
INFO: [VRFC 10-2458] undeclared symbol tm6_dd, assumed default net type wire [D:/One Drive/OneDrive - University of Florida/Xilinx/Test_m_7.23.2019/Test_m_7.23.2019.srcs/sources_1/imports/dsp/dft/dft_top.v:1647]
INFO: [VRFC 10-311] analyzing module DirSum_82984
INFO: [VRFC 10-311] analyzing module D14_82970
INFO: [VRFC 10-311] analyzing module D16_82982
INFO: [VRFC 10-311] analyzing module codeBlock82798
INFO: [VRFC 10-311] analyzing module codeBlock82987
INFO: [VRFC 10-311] analyzing module rc83069
INFO: [VRFC 10-311] analyzing module swNet83067
INFO: [VRFC 10-311] analyzing module perm83067
INFO: [VRFC 10-2458] undeclared symbol tm11_d, assumed default net type wire [D:/One Drive/OneDrive - University of Florida/Xilinx/Test_m_7.23.2019/Test_m_7.23.2019.srcs/sources_1/imports/dsp/dft/dft_top.v:2234]
INFO: [VRFC 10-2458] undeclared symbol tm11_dd, assumed default net type wire [D:/One Drive/OneDrive - University of Florida/Xilinx/Test_m_7.23.2019/Test_m_7.23.2019.srcs/sources_1/imports/dsp/dft/dft_top.v:2235]
INFO: [VRFC 10-311] analyzing module DirSum_83274
INFO: [VRFC 10-311] analyzing module D10_83252
INFO: [VRFC 10-311] analyzing module D12_83272
INFO: [VRFC 10-311] analyzing module codeBlock83072
INFO: [VRFC 10-311] analyzing module codeBlock83277
INFO: [VRFC 10-311] analyzing module rc83359
INFO: [VRFC 10-311] analyzing module swNet83357
INFO: [VRFC 10-311] analyzing module perm83357
INFO: [VRFC 10-2458] undeclared symbol tm16_d, assumed default net type wire [D:/One Drive/OneDrive - University of Florida/Xilinx/Test_m_7.23.2019/Test_m_7.23.2019.srcs/sources_1/imports/dsp/dft/dft_top.v:2854]
INFO: [VRFC 10-2458] undeclared symbol tm16_dd, assumed default net type wire [D:/One Drive/OneDrive - University of Florida/Xilinx/Test_m_7.23.2019/Test_m_7.23.2019.srcs/sources_1/imports/dsp/dft/dft_top.v:2855]
INFO: [VRFC 10-311] analyzing module DirSum_83596
INFO: [VRFC 10-311] analyzing module D6_83558
INFO: [VRFC 10-311] analyzing module D8_83594
INFO: [VRFC 10-311] analyzing module codeBlock83362
INFO: [VRFC 10-311] analyzing module codeBlock83599
INFO: [VRFC 10-311] analyzing module rc83681
INFO: [VRFC 10-311] analyzing module swNet83679
INFO: [VRFC 10-311] analyzing module perm83679
INFO: [VRFC 10-2458] undeclared symbol tm21_d, assumed default net type wire [D:/One Drive/OneDrive - University of Florida/Xilinx/Test_m_7.23.2019/Test_m_7.23.2019.srcs/sources_1/imports/dsp/dft/dft_top.v:3538]
INFO: [VRFC 10-2458] undeclared symbol tm21_dd, assumed default net type wire [D:/One Drive/OneDrive - University of Florida/Xilinx/Test_m_7.23.2019/Test_m_7.23.2019.srcs/sources_1/imports/dsp/dft/dft_top.v:3539]
INFO: [VRFC 10-311] analyzing module DirSum_83981
INFO: [VRFC 10-311] analyzing module D2_83911
INFO: [VRFC 10-311] analyzing module D4_83979
INFO: [VRFC 10-311] analyzing module codeBlock83683
INFO: [VRFC 10-311] analyzing module codeBlock83984
INFO: [VRFC 10-311] analyzing module rc84066
INFO: [VRFC 10-311] analyzing module swNet84064
INFO: [VRFC 10-311] analyzing module perm84064
INFO: [VRFC 10-2458] undeclared symbol tm26_d, assumed default net type wire [D:/One Drive/OneDrive - University of Florida/Xilinx/Test_m_7.23.2019/Test_m_7.23.2019.srcs/sources_1/imports/dsp/dft/dft_top.v:4318]
INFO: [VRFC 10-2458] undeclared symbol tm26_dd, assumed default net type wire [D:/One Drive/OneDrive - University of Florida/Xilinx/Test_m_7.23.2019/Test_m_7.23.2019.srcs/sources_1/imports/dsp/dft/dft_top.v:4319]
INFO: [VRFC 10-311] analyzing module multfix
INFO: [VRFC 10-311] analyzing module addfxp
INFO: [VRFC 10-311] analyzing module subfxp
INFO: [VRFC 10-2263] Analyzing Verilog file "D:/One Drive/OneDrive - University of Florida/Xilinx/Test_m_7.23.2019/Test_m_7.23.2019.srcs/sources_1/imports/hdl_cores/dsp/dft/dft_top_top.v" into library xil_defaultlib
INFO: [VRFC 10-311] analyzing module dft_top_top
INFO: [VRFC 10-2263] Analyzing Verilog file "D:/One Drive/OneDrive - University of Florida/Xilinx/Test_m_7.23.2019/Test_m_7.23.2019.srcs/sources_1/imports/hdl_cores/dsp/fir/fir_top.v" into library xil_defaultlib
INFO: [VRFC 10-311] analyzing module fir_top
INFO: [VRFC 10-2263] Analyzing Verilog file "D:/One Drive/OneDrive - University of Florida/Xilinx/Test_m_7.23.2019/Test_m_7.23.2019.srcs/sources_1/imports/hdl_cores/gps/gps.v" into library xil_defaultlib
INFO: [VRFC 10-311] analyzing module gps
INFO: [VRFC 10-2263] Analyzing Verilog file "D:/One Drive/OneDrive - University of Florida/Xilinx/Test_m_7.23.2019/Test_m_7.23.2019.srcs/sources_1/imports/hdl_cores/gps/gps_clkgen.v" into library xil_defaultlib
INFO: [VRFC 10-311] analyzing module gps_clkgen
INFO: [VRFC 10-2263] Analyzing Verilog file "D:/One Drive/OneDrive - University of Florida/Xilinx/Test_m_7.23.2019/Test_m_7.23.2019.srcs/sources_1/imports/hdl_cores/gps/gps_top.v" into library xil_defaultlib
INFO: [VRFC 10-311] analyzing module gps_top
INFO: [VRFC 10-2263] Analyzing Verilog file "D:/One Drive/OneDrive - University of Florida/Xilinx/Test_m_7.23.2019/Test_m_7.23.2019.srcs/sources_1/imports/dsp/idft/idft_top.v" into library xil_defaultlib
INFO: [VRFC 10-311] analyzing module idft_top
INFO: [VRFC 10-311] analyzing module rc7079
INFO: [VRFC 10-311] analyzing module swNet7077
INFO: [VRFC 10-311] analyzing module perm7077
INFO: [VRFC 10-2458] undeclared symbol tm0_d, assumed default net type wire [D:/One Drive/OneDrive - University of Florida/Xilinx/Test_m_7.23.2019/Test_m_7.23.2019.srcs/sources_1/imports/dsp/idft/idft_top.v:520]
INFO: [VRFC 10-2458] undeclared symbol tm0_dd, assumed default net type wire [D:/One Drive/OneDrive - University of Florida/Xilinx/Test_m_7.23.2019/Test_m_7.23.2019.srcs/sources_1/imports/dsp/idft/idft_top.v:521]
INFO: [VRFC 10-311] analyzing module memMod
WARNING: [VRFC 10-3609] overwriting previous definition of module 'memMod' [D:/One Drive/OneDrive - University of Florida/Xilinx/Test_m_7.23.2019/Test_m_7.23.2019.srcs/sources_1/imports/dsp/idft/idft_top.v:774]
INFO: [VRFC 10-311] analyzing module memMod_dist
WARNING: [VRFC 10-3609] overwriting previous definition of module 'memMod_dist' [D:/One Drive/OneDrive - University of Florida/Xilinx/Test_m_7.23.2019/Test_m_7.23.2019.srcs/sources_1/imports/dsp/idft/idft_top.v:798]
INFO: [VRFC 10-311] analyzing module shiftRegFIFO
WARNING: [VRFC 10-3609] overwriting previous definition of module 'shiftRegFIFO' [D:/One Drive/OneDrive - University of Florida/Xilinx/Test_m_7.23.2019/Test_m_7.23.2019.srcs/sources_1/imports/dsp/idft/idft_top.v:820]
INFO: [VRFC 10-311] analyzing module nextReg
WARNING: [VRFC 10-3609] overwriting previous definition of module 'nextReg' [D:/One Drive/OneDrive - University of Florida/Xilinx/Test_m_7.23.2019/Test_m_7.23.2019.srcs/sources_1/imports/dsp/idft/idft_top.v:840]
INFO: [VRFC 10-311] analyzing module codeBlock7081
INFO: [VRFC 10-311] analyzing module rc7163
INFO: [VRFC 10-311] analyzing module swNet7161
INFO: [VRFC 10-311] analyzing module perm7161
INFO: [VRFC 10-2458] undeclared symbol tm1_d, assumed default net type wire [D:/One Drive/OneDrive - University of Florida/Xilinx/Test_m_7.23.2019/Test_m_7.23.2019.srcs/sources_1/imports/dsp/idft/idft_top.v:1074]
INFO: [VRFC 10-2458] undeclared symbol tm1_dd, assumed default net type wire [D:/One Drive/OneDrive - University of Florida/Xilinx/Test_m_7.23.2019/Test_m_7.23.2019.srcs/sources_1/imports/dsp/idft/idft_top.v:1075]
INFO: [VRFC 10-311] analyzing module DirSum_7344
INFO: [VRFC 10-311] analyzing module D18_7334
INFO: [VRFC 10-311] analyzing module D20_7342
INFO: [VRFC 10-311] analyzing module codeBlock7166
INFO: [VRFC 10-311] analyzing module codeBlock7347
INFO: [VRFC 10-311] analyzing module rc7429
INFO: [VRFC 10-311] analyzing module swNet7427
INFO: [VRFC 10-311] analyzing module perm7427
INFO: [VRFC 10-2458] undeclared symbol tm6_d, assumed default net type wire [D:/One Drive/OneDrive - University of Florida/Xilinx/Test_m_7.23.2019/Test_m_7.23.2019.srcs/sources_1/imports/dsp/idft/idft_top.v:1646]
INFO: [VRFC 10-2458] undeclared symbol tm6_dd, assumed default net type wire [D:/One Drive/OneDrive - University of Florida/Xilinx/Test_m_7.23.2019/Test_m_7.23.2019.srcs/sources_1/imports/dsp/idft/idft_top.v:1647]
INFO: [VRFC 10-311] analyzing module DirSum_7618
INFO: [VRFC 10-311] analyzing module D14_7604
INFO: [VRFC 10-311] analyzing module D16_7616
INFO: [VRFC 10-311] analyzing module codeBlock7432
INFO: [VRFC 10-311] analyzing module codeBlock7621
INFO: [VRFC 10-311] analyzing module rc7703
INFO: [VRFC 10-311] analyzing module swNet7701
INFO: [VRFC 10-311] analyzing module perm7701
INFO: [VRFC 10-2458] undeclared symbol tm11_d, assumed default net type wire [D:/One Drive/OneDrive - University of Florida/Xilinx/Test_m_7.23.2019/Test_m_7.23.2019.srcs/sources_1/imports/dsp/idft/idft_top.v:2234]
INFO: [VRFC 10-2458] undeclared symbol tm11_dd, assumed default net type wire [D:/One Drive/OneDrive - University of Florida/Xilinx/Test_m_7.23.2019/Test_m_7.23.2019.srcs/sources_1/imports/dsp/idft/idft_top.v:2235]
INFO: [VRFC 10-311] analyzing module DirSum_7908
INFO: [VRFC 10-311] analyzing module D10_7886
INFO: [VRFC 10-311] analyzing module D12_7906
INFO: [VRFC 10-311] analyzing module codeBlock7706
INFO: [VRFC 10-311] analyzing module codeBlock7911
INFO: [VRFC 10-311] analyzing module rc7993
INFO: [VRFC 10-311] analyzing module swNet7991
INFO: [VRFC 10-311] analyzing module perm7991
INFO: [VRFC 10-2458] undeclared symbol tm16_d, assumed default net type wire [D:/One Drive/OneDrive - University of Florida/Xilinx/Test_m_7.23.2019/Test_m_7.23.2019.srcs/sources_1/imports/dsp/idft/idft_top.v:2854]
INFO: [VRFC 10-2458] undeclared symbol tm16_dd, assumed default net type wire [D:/One Drive/OneDrive - University of Florida/Xilinx/Test_m_7.23.2019/Test_m_7.23.2019.srcs/sources_1/imports/dsp/idft/idft_top.v:2855]
INFO: [VRFC 10-311] analyzing module DirSum_8230
INFO: [VRFC 10-311] analyzing module D6_8192
INFO: [VRFC 10-311] analyzing module D8_8228
INFO: [VRFC 10-311] analyzing module codeBlock7996
INFO: [VRFC 10-311] analyzing module codeBlock8233
INFO: [VRFC 10-311] analyzing module rc8315
INFO: [VRFC 10-311] analyzing module swNet8313
INFO: [VRFC 10-311] analyzing module perm8313
INFO: [VRFC 10-2458] undeclared symbol tm21_d, assumed default net type wire [D:/One Drive/OneDrive - University of Florida/Xilinx/Test_m_7.23.2019/Test_m_7.23.2019.srcs/sources_1/imports/dsp/idft/idft_top.v:3538]
INFO: [VRFC 10-2458] undeclared symbol tm21_dd, assumed default net type wire [D:/One Drive/OneDrive - University of Florida/Xilinx/Test_m_7.23.2019/Test_m_7.23.2019.srcs/sources_1/imports/dsp/idft/idft_top.v:3539]
INFO: [VRFC 10-311] analyzing module DirSum_8615
INFO: [VRFC 10-311] analyzing module D2_8545
INFO: [VRFC 10-311] analyzing module D4_8613
INFO: [VRFC 10-311] analyzing module codeBlock8317
INFO: [VRFC 10-311] analyzing module codeBlock8618
INFO: [VRFC 10-311] analyzing module rc8700
INFO: [VRFC 10-311] analyzing module swNet8698
INFO: [VRFC 10-311] analyzing module perm8698
INFO: [VRFC 10-2458] undeclared symbol tm26_d, assumed default net type wire [D:/One Drive/OneDrive - University of Florida/Xilinx/Test_m_7.23.2019/Test_m_7.23.2019.srcs/sources_1/imports/dsp/idft/idft_top.v:4318]
INFO: [VRFC 10-2458] undeclared symbol tm26_dd, assumed default net type wire [D:/One Drive/OneDrive - University of Florida/Xilinx/Test_m_7.23.2019/Test_m_7.23.2019.srcs/sources_1/imports/dsp/idft/idft_top.v:4319]
INFO: [VRFC 10-311] analyzing module multfix
WARNING: [VRFC 10-3609] overwriting previous definition of module 'multfix' [D:/One Drive/OneDrive - University of Florida/Xilinx/Test_m_7.23.2019/Test_m_7.23.2019.srcs/sources_1/imports/dsp/idft/idft_top.v:4571]
INFO: [VRFC 10-311] analyzing module addfxp
WARNING: [VRFC 10-3609] overwriting previous definition of module 'addfxp' [D:/One Drive/OneDrive - University of Florida/Xilinx/Test_m_7.23.2019/Test_m_7.23.2019.srcs/sources_1/imports/dsp/idft/idft_top.v:4597]
INFO: [VRFC 10-311] analyzing module subfxp
WARNING: [VRFC 10-3609] overwriting previous definition of module 'subfxp' [D:/One Drive/OneDrive - University of Florida/Xilinx/Test_m_7.23.2019/Test_m_7.23.2019.srcs/sources_1/imports/dsp/idft/idft_top.v:4619]
INFO: [VRFC 10-2263] Analyzing Verilog file "D:/One Drive/OneDrive - University of Florida/Xilinx/Test_m_7.23.2019/Test_m_7.23.2019.srcs/sources_1/imports/hdl_cores/dsp/idft/idft_top_top.v" into library xil_defaultlib
INFO: [VRFC 10-311] analyzing module idft_top_top
INFO: [VRFC 10-2263] Analyzing Verilog file "D:/One Drive/OneDrive - University of Florida/Xilinx/Test_m_7.23.2019/Test_m_7.23.2019.srcs/sources_1/imports/hdl_cores/dsp/iir/iir_top.v" into library xil_defaultlib
INFO: [VRFC 10-311] analyzing module iir_top
INFO: [VRFC 10-2263] Analyzing Verilog file "D:/One Drive/OneDrive - University of Florida/Xilinx/Test_m_7.23.2019/Test_m_7.23.2019.srcs/sources_1/imports/hdl_cores/des3/key_sel3.v" into library xil_defaultlib
INFO: [VRFC 10-311] analyzing module key_sel3
INFO: [VRFC 10-2263] Analyzing Verilog file "D:/One Drive/OneDrive - University of Florida/Xilinx/Test_m_7.23.2019/Test_m_7.23.2019.srcs/sources_1/imports/hdl_cores/md5/md5_top.v" into library xil_defaultlib
INFO: [VRFC 10-311] analyzing module md5_top
INFO: [VRFC 10-2263] Analyzing Verilog file "D:/One Drive/OneDrive - University of Florida/Xilinx/Test_m_7.23.2019/Test_m_7.23.2019.srcs/sources_1/imports/hdl_cores/rsa/rtl/modexp_core.v" into library xil_defaultlib
INFO: [VRFC 10-311] analyzing module modexp_core
INFO: [VRFC 10-2263] Analyzing Verilog file "D:/One Drive/OneDrive - University of Florida/Xilinx/Test_m_7.23.2019/Test_m_7.23.2019.srcs/sources_1/imports/hdl_cores/rsa/rtl/modexp_top.v" into library xil_defaultlib
INFO: [VRFC 10-311] analyzing module modexp_top
INFO: [VRFC 10-2263] Analyzing Verilog file "D:/One Drive/OneDrive - University of Florida/Xilinx/Test_m_7.23.2019/Test_m_7.23.2019.srcs/sources_1/imports/hdl_cores/rsa/rtl/montprod.v" into library xil_defaultlib
INFO: [VRFC 10-311] analyzing module montprod
INFO: [VRFC 10-2263] Analyzing Verilog file "D:/One Drive/OneDrive - University of Florida/Xilinx/Test_m_7.23.2019/Test_m_7.23.2019.srcs/sources_1/imports/mor1kx/rtl/verilog/mor1kx.v" into library xil_defaultlib
INFO: [VRFC 10-311] analyzing module mor1kx
INFO: [VRFC 10-2263] Analyzing Verilog file "D:/One Drive/OneDrive - University of Florida/Xilinx/Test_m_7.23.2019/Test_m_7.23.2019.srcs/sources_1/imports/mor1kx/rtl/verilog/mor1kx_branch_prediction.v" into library xil_defaultlib
INFO: [VRFC 10-311] analyzing module mor1kx_branch_prediction
INFO: [VRFC 10-2263] Analyzing Verilog file "D:/One Drive/OneDrive - University of Florida/Xilinx/Test_m_7.23.2019/Test_m_7.23.2019.srcs/sources_1/imports/mor1kx/rtl/verilog/mor1kx_branch_predictor_gshare.v" into library xil_defaultlib
INFO: [VRFC 10-311] analyzing module mor1kx_branch_predictor_gshare
INFO: [VRFC 10-2263] Analyzing Verilog file "D:/One Drive/OneDrive - University of Florida/Xilinx/Test_m_7.23.2019/Test_m_7.23.2019.srcs/sources_1/imports/mor1kx/rtl/verilog/mor1kx_branch_predictor_saturation_counter.v" into library xil_defaultlib
INFO: [VRFC 10-311] analyzing module mor1kx_branch_predictor_saturation_counter
INFO: [VRFC 10-2263] Analyzing Verilog file "D:/One Drive/OneDrive - University of Florida/Xilinx/Test_m_7.23.2019/Test_m_7.23.2019.srcs/sources_1/imports/mor1kx/rtl/verilog/mor1kx_branch_predictor_simple.v" into library xil_defaultlib
INFO: [VRFC 10-311] analyzing module mor1kx_branch_predictor_simple
INFO: [VRFC 10-2263] Analyzing Verilog file "D:/One Drive/OneDrive - University of Florida/Xilinx/Test_m_7.23.2019/Test_m_7.23.2019.srcs/sources_1/imports/mor1kx/rtl/verilog/mor1kx_bus_if_wb32.v" into library xil_defaultlib
INFO: [VRFC 10-311] analyzing module mor1kx_bus_if_wb32
INFO: [VRFC 10-2263] Analyzing Verilog file "D:/One Drive/OneDrive - University of Florida/Xilinx/Test_m_7.23.2019/Test_m_7.23.2019.srcs/sources_1/imports/mor1kx/rtl/verilog/mor1kx_cache_lru.v" into library xil_defaultlib
INFO: [VRFC 10-311] analyzing module mor1kx_cache_lru
INFO: [VRFC 10-2263] Analyzing Verilog file "D:/One Drive/OneDrive - University of Florida/Xilinx/Test_m_7.23.2019/Test_m_7.23.2019.srcs/sources_1/imports/mor1kx/rtl/verilog/mor1kx_cfgrs.v" into library xil_defaultlib
INFO: [VRFC 10-311] analyzing module mor1kx_cfgrs
INFO: [VRFC 10-2263] Analyzing Verilog file "D:/One Drive/OneDrive - University of Florida/Xilinx/Test_m_7.23.2019/Test_m_7.23.2019.srcs/sources_1/imports/mor1kx/rtl/verilog/mor1kx_cpu.v" into library xil_defaultlib
INFO: [VRFC 10-311] analyzing module mor1kx_cpu
ERROR: [VRFC 10-2934] 'monitor' is already declared [D:/One Drive/OneDrive - University of Florida/Xilinx/Test_m_7.23.2019/Test_m_7.23.2019.srcs/sources_1/imports/mor1kx/rtl/verilog/mor1kx_cpu.v:224]
ERROR: [VRFC 10-2934] 'monitor' is already declared [D:/One Drive/OneDrive - University of Florida/Xilinx/Test_m_7.23.2019/Test_m_7.23.2019.srcs/sources_1/imports/mor1kx/rtl/verilog/mor1kx_cpu.v:238]
ERROR: [VRFC 10-2865] module 'mor1kx_cpu' ignored due to previous errors [D:/One Drive/OneDrive - University of Florida/Xilinx/Test_m_7.23.2019/Test_m_7.23.2019.srcs/sources_1/imports/mor1kx/rtl/verilog/mor1kx_cpu.v:21]
