Vivado Simulator 2018.3
Copyright 1986-1999, 2001-2018 Xilinx, Inc. All Rights Reserved.
Running: C:/Xilinx/Vivado/2018.3/bin/unwrapped/win64.o/xelab.exe -wto 883cd0c247804d06ac10c8790afaa6b0 --incr --debug typical --relax --mt 2 -L xil_defaultlib -L unisims_ver -L unimacro_ver -L secureip --snapshot top_behav xil_defaultlib.top xil_defaultlib.glbl -log elaborate.log 
Using 2 slave threads.
Starting static elaboration
WARNING: [VRFC 10-3815] value of parameter 'S0_ENABLE' cannot contain a hierarchical identifier [E:/wb_soc_soccom/wb_soc_soccom.srcs/sources_1/imports/RTL/top/wb_top.sv:333]
WARNING: [VRFC 10-3815] value of parameter 'S0_RANGE_WIDTH' cannot contain a hierarchical identifier [E:/wb_soc_soccom/wb_soc_soccom.srcs/sources_1/imports/RTL/top/wb_top.sv:334]
WARNING: [VRFC 10-3815] value of parameter 'S1_ENABLE' cannot contain a hierarchical identifier [E:/wb_soc_soccom/wb_soc_soccom.srcs/sources_1/imports/RTL/top/wb_top.sv:335]
WARNING: [VRFC 10-3815] value of parameter 'S1_RANGE_WIDTH' cannot contain a hierarchical identifier [E:/wb_soc_soccom/wb_soc_soccom.srcs/sources_1/imports/RTL/top/wb_top.sv:336]
WARNING: [VRFC 10-3815] value of parameter 'S2_ENABLE' cannot contain a hierarchical identifier [E:/wb_soc_soccom/wb_soc_soccom.srcs/sources_1/imports/RTL/top/wb_top.sv:337]
WARNING: [VRFC 10-3815] value of parameter 'S2_RANGE_WIDTH' cannot contain a hierarchical identifier [E:/wb_soc_soccom/wb_soc_soccom.srcs/sources_1/imports/RTL/top/wb_top.sv:338]
WARNING: [VRFC 10-3815] value of parameter 'S3_ENABLE' cannot contain a hierarchical identifier [E:/wb_soc_soccom/wb_soc_soccom.srcs/sources_1/imports/RTL/top/wb_top.sv:339]
WARNING: [VRFC 10-3815] value of parameter 'S3_RANGE_WIDTH' cannot contain a hierarchical identifier [E:/wb_soc_soccom/wb_soc_soccom.srcs/sources_1/imports/RTL/top/wb_top.sv:340]
WARNING: [VRFC 10-3815] value of parameter 'S4_ENABLE' cannot contain a hierarchical identifier [E:/wb_soc_soccom/wb_soc_soccom.srcs/sources_1/imports/RTL/top/wb_top.sv:341]
WARNING: [VRFC 10-3815] value of parameter 'S4_RANGE_WIDTH' cannot contain a hierarchical identifier [E:/wb_soc_soccom/wb_soc_soccom.srcs/sources_1/imports/RTL/top/wb_top.sv:342]
WARNING: [VRFC 10-3815] value of parameter 'S5_ENABLE' cannot contain a hierarchical identifier [E:/wb_soc_soccom/wb_soc_soccom.srcs/sources_1/imports/RTL/top/wb_top.sv:343]
WARNING: [VRFC 10-3815] value of parameter 'S5_RANGE_WIDTH' cannot contain a hierarchical identifier [E:/wb_soc_soccom/wb_soc_soccom.srcs/sources_1/imports/RTL/top/wb_top.sv:344]
WARNING: [VRFC 10-3815] value of parameter 'S6_ENABLE' cannot contain a hierarchical identifier [E:/wb_soc_soccom/wb_soc_soccom.srcs/sources_1/imports/RTL/top/wb_top.sv:345]
WARNING: [VRFC 10-3815] value of parameter 'S6_RANGE_WIDTH' cannot contain a hierarchical identifier [E:/wb_soc_soccom/wb_soc_soccom.srcs/sources_1/imports/RTL/top/wb_top.sv:346]
WARNING: [VRFC 10-3815] value of parameter 'S7_ENABLE' cannot contain a hierarchical identifier [E:/wb_soc_soccom/wb_soc_soccom.srcs/sources_1/imports/RTL/top/wb_top.sv:347]
WARNING: [VRFC 10-3815] value of parameter 'S7_RANGE_WIDTH' cannot contain a hierarchical identifier [E:/wb_soc_soccom/wb_soc_soccom.srcs/sources_1/imports/RTL/top/wb_top.sv:348]
WARNING: [VRFC 10-3815] value of parameter 'S8_ENABLE' cannot contain a hierarchical identifier [E:/wb_soc_soccom/wb_soc_soccom.srcs/sources_1/imports/RTL/top/wb_top.sv:349]
WARNING: [VRFC 10-3815] value of parameter 'S8_RANGE_WIDTH' cannot contain a hierarchical identifier [E:/wb_soc_soccom/wb_soc_soccom.srcs/sources_1/imports/RTL/top/wb_top.sv:350]
WARNING: [VRFC 10-3815] value of parameter 'S9_ENABLE' cannot contain a hierarchical identifier [E:/wb_soc_soccom/wb_soc_soccom.srcs/sources_1/imports/RTL/top/wb_top.sv:351]
WARNING: [VRFC 10-3815] value of parameter 'S9_RANGE_WIDTH' cannot contain a hierarchical identifier [E:/wb_soc_soccom/wb_soc_soccom.srcs/sources_1/imports/RTL/top/wb_top.sv:352]
Completed static elaboration
Starting simulation data flow analysis
WARNING: [XSIM 43-4100] "E:/wb_soc_soccom/wb_soc_soccom.srcs/sources_1/imports/RTL/crypto/aes/table.v" Line 36. Module S4 has a timescale but at least one module in design doesn't have timescale.
WARNING: [XSIM 43-4100] "E:/wb_soc_soccom/wb_soc_soccom.srcs/sources_1/imports/RTL/crypto/aes/table.v" Line 70. Module S has a timescale but at least one module in design doesn't have timescale.
WARNING: [XSIM 43-4100] "E:/wb_soc_soccom/wb_soc_soccom.srcs/sources_1/imports/RTL/crypto/aes/table.v" Line 70. Module S has a timescale but at least one module in design doesn't have timescale.
WARNING: [XSIM 43-4100] "E:/wb_soc_soccom/wb_soc_soccom.srcs/sources_1/imports/RTL/crypto/aes/table.v" Line 70. Module S has a timescale but at least one module in design doesn't have timescale.
WARNING: [XSIM 43-4100] "E:/wb_soc_soccom/wb_soc_soccom.srcs/sources_1/imports/RTL/crypto/aes/table.v" Line 70. Module S has a timescale but at least one module in design doesn't have timescale.
WARNING: [XSIM 43-4100] "E:/wb_soc_soccom/wb_soc_soccom.srcs/sources_1/imports/RTL/crypto/aes/table.v" Line 36. Module S4 has a timescale but at least one module in design doesn't have timescale.
WARNING: [XSIM 43-4100] "E:/wb_soc_soccom/wb_soc_soccom.srcs/sources_1/imports/RTL/crypto/aes/table.v" Line 70. Module S has a timescale but at least one module in design doesn't have timescale.
WARNING: [XSIM 43-4100] "E:/wb_soc_soccom/wb_soc_soccom.srcs/sources_1/imports/RTL/crypto/aes/table.v" Line 70. Module S has a timescale but at least one module in design doesn't have timescale.
WARNING: [XSIM 43-4100] "E:/wb_soc_soccom/wb_soc_soccom.srcs/sources_1/imports/RTL/crypto/aes/table.v" Line 70. Module S has a timescale but at least one module in design doesn't have timescale.
WARNING: [XSIM 43-4100] "E:/wb_soc_soccom/wb_soc_soccom.srcs/sources_1/imports/RTL/crypto/aes/table.v" Line 70. Module S has a timescale but at least one module in design doesn't have timescale.
WARNING: [XSIM 43-4100] "E:/wb_soc_soccom/wb_soc_soccom.srcs/sources_1/imports/RTL/crypto/aes/table.v" Line 36. Module S4 has a timescale but at least one module in design doesn't have timescale.
WARNING: [XSIM 43-4100] "E:/wb_soc_soccom/wb_soc_soccom.srcs/sources_1/imports/RTL/crypto/aes/table.v" Line 70. Module S has a timescale but at least one module in design doesn't have timescale.
WARNING: [XSIM 43-4100] "E:/wb_soc_soccom/wb_soc_soccom.srcs/sources_1/imports/RTL/crypto/aes/table.v" Line 70. Module S has a timescale but at least one module in design doesn't have timescale.
WARNING: [XSIM 43-4100] "E:/wb_soc_soccom/wb_soc_soccom.srcs/sources_1/imports/RTL/crypto/aes/table.v" Line 70. Module S has a timescale but at least one module in design doesn't have timescale.
WARNING: [XSIM 43-4100] "E:/wb_soc_soccom/wb_soc_soccom.srcs/sources_1/imports/RTL/crypto/aes/table.v" Line 70. Module S has a timescale but at least one module in design doesn't have timescale.
WARNING: [XSIM 43-4100] "E:/wb_soc_soccom/wb_soc_soccom.srcs/sources_1/imports/RTL/crypto/aes/table.v" Line 36. Module S4 has a timescale but at least one module in design doesn't have timescale.
WARNING: [XSIM 43-4100] "E:/wb_soc_soccom/wb_soc_soccom.srcs/sources_1/imports/RTL/crypto/aes/table.v" Line 70. Module S has a timescale but at least one module in design doesn't have timescale.
WARNING: [XSIM 43-4100] "E:/wb_soc_soccom/wb_soc_soccom.srcs/sources_1/imports/RTL/crypto/aes/table.v" Line 70. Module S has a timescale but at least one module in design doesn't have timescale.
WARNING: [XSIM 43-4100] "E:/wb_soc_soccom/wb_soc_soccom.srcs/sources_1/imports/RTL/crypto/aes/table.v" Line 70. Module S has a timescale but at least one module in design doesn't have timescale.
WARNING: [XSIM 43-4100] "E:/wb_soc_soccom/wb_soc_soccom.srcs/sources_1/imports/RTL/crypto/aes/table.v" Line 70. Module S has a timescale but at least one module in design doesn't have timescale.
WARNING: [XSIM 43-4100] "E:/wb_soc_soccom/wb_soc_soccom.srcs/sources_1/imports/RTL/crypto/aes/table.v" Line 36. Module S4 has a timescale but at least one module in design doesn't have timescale.
WARNING: [XSIM 43-4100] "E:/wb_soc_soccom/wb_soc_soccom.srcs/sources_1/imports/RTL/crypto/aes/table.v" Line 70. Module S has a timescale but at least one module in design doesn't have timescale.
WARNING: [XSIM 43-4100] "E:/wb_soc_soccom/wb_soc_soccom.srcs/sources_1/imports/RTL/crypto/aes/table.v" Line 70. Module S has a timescale but at least one module in design doesn't have timescale.
WARNING: [XSIM 43-4100] "E:/wb_soc_soccom/wb_soc_soccom.srcs/sources_1/imports/RTL/crypto/aes/table.v" Line 70. Module S has a timescale but at least one module in design doesn't have timescale.
WARNING: [XSIM 43-4100] "E:/wb_soc_soccom/wb_soc_soccom.srcs/sources_1/imports/RTL/crypto/aes/table.v" Line 70. Module S has a timescale but at least one module in design doesn't have timescale.
WARNING: [XSIM 43-4100] "E:/wb_soc_soccom/wb_soc_soccom.srcs/sources_1/imports/RTL/crypto/aes/table.v" Line 36. Module S4 has a timescale but at least one module in design doesn't have timescale.
WARNING: [XSIM 43-4100] "E:/wb_soc_soccom/wb_soc_soccom.srcs/sources_1/imports/RTL/crypto/aes/table.v" Line 70. Module S has a timescale but at least one module in design doesn't have timescale.
WARNING: [XSIM 43-4100] "E:/wb_soc_soccom/wb_soc_soccom.srcs/sources_1/imports/RTL/crypto/aes/table.v" Line 70. Module S has a timescale but at least one module in design doesn't have timescale.
WARNING: [XSIM 43-4100] "E:/wb_soc_soccom/wb_soc_soccom.srcs/sources_1/imports/RTL/crypto/aes/table.v" Line 70. Module S has a timescale but at least one module in design doesn't have timescale.
WARNING: [XSIM 43-4100] "E:/wb_soc_soccom/wb_soc_soccom.srcs/sources_1/imports/RTL/crypto/aes/table.v" Line 70. Module S has a timescale but at least one module in design doesn't have timescale.
WARNING: [XSIM 43-4100] "E:/wb_soc_soccom/wb_soc_soccom.srcs/sources_1/imports/RTL/crypto/aes/table.v" Line 36. Module S4 has a timescale but at least one module in design doesn't have timescale.
WARNING: [XSIM 43-4100] "E:/wb_soc_soccom/wb_soc_soccom.srcs/sources_1/imports/RTL/crypto/aes/table.v" Line 70. Module S has a timescale but at least one module in design doesn't have timescale.
WARNING: [XSIM 43-4100] "E:/wb_soc_soccom/wb_soc_soccom.srcs/sources_1/imports/RTL/crypto/aes/table.v" Line 70. Module S has a timescale but at least one module in design doesn't have timescale.
WARNING: [XSIM 43-4100] "E:/wb_soc_soccom/wb_soc_soccom.srcs/sources_1/imports/RTL/crypto/aes/table.v" Line 70. Module S has a timescale but at least one module in design doesn't have timescale.
WARNING: [XSIM 43-4100] "E:/wb_soc_soccom/wb_soc_soccom.srcs/sources_1/imports/RTL/crypto/aes/table.v" Line 70. Module S has a timescale but at least one module in design doesn't have timescale.
WARNING: [XSIM 43-4100] "E:/wb_soc_soccom/wb_soc_soccom.srcs/sources_1/imports/RTL/crypto/aes/table.v" Line 36. Module S4 has a timescale but at least one module in design doesn't have timescale.
WARNING: [XSIM 43-4100] "E:/wb_soc_soccom/wb_soc_soccom.srcs/sources_1/imports/RTL/crypto/aes/table.v" Line 70. Module S has a timescale but at least one module in design doesn't have timescale.
WARNING: [XSIM 43-4100] "E:/wb_soc_soccom/wb_soc_soccom.srcs/sources_1/imports/RTL/crypto/aes/table.v" Line 70. Module S has a timescale but at least one module in design doesn't have timescale.
WARNING: [XSIM 43-4100] "E:/wb_soc_soccom/wb_soc_soccom.srcs/sources_1/imports/RTL/crypto/aes/table.v" Line 70. Module S has a timescale but at least one module in design doesn't have timescale.
WARNING: [XSIM 43-4100] "E:/wb_soc_soccom/wb_soc_soccom.srcs/sources_1/imports/RTL/crypto/aes/table.v" Line 70. Module S has a timescale but at least one module in design doesn't have timescale.
WARNING: [XSIM 43-4100] "E:/wb_soc_soccom/wb_soc_soccom.srcs/sources_1/imports/RTL/crypto/aes/round.v" Line 20. Module one_round has a timescale but at least one module in design doesn't have timescale.
WARNING: [XSIM 43-4100] "E:/wb_soc_soccom/wb_soc_soccom.srcs/sources_1/imports/RTL/crypto/aes/table.v" Line 19. Module table_lookup has a timescale but at least one module in design doesn't have timescale.
WARNING: [XSIM 43-4100] "E:/wb_soc_soccom/wb_soc_soccom.srcs/sources_1/imports/RTL/crypto/aes/table.v" Line 51. Module T has a timescale but at least one module in design doesn't have timescale.
WARNING: [XSIM 43-4100] "E:/wb_soc_soccom/wb_soc_soccom.srcs/sources_1/imports/RTL/crypto/aes/table.v" Line 70. Module S has a timescale but at least one module in design doesn't have timescale.
WARNING: [XSIM 43-4100] "E:/wb_soc_soccom/wb_soc_soccom.srcs/sources_1/imports/RTL/crypto/aes/table.v" Line 341. Module xS has a timescale but at least one module in design doesn't have timescale.
WARNING: [XSIM 43-4100] "E:/wb_soc_soccom/wb_soc_soccom.srcs/sources_1/imports/RTL/crypto/aes/table.v" Line 51. Module T has a timescale but at least one module in design doesn't have timescale.
WARNING: [XSIM 43-4100] "E:/wb_soc_soccom/wb_soc_soccom.srcs/sources_1/imports/RTL/crypto/aes/table.v" Line 70. Module S has a timescale but at least one module in design doesn't have timescale.
WARNING: [XSIM 43-4100] "E:/wb_soc_soccom/wb_soc_soccom.srcs/sources_1/imports/RTL/crypto/aes/table.v" Line 341. Module xS has a timescale but at least one module in design doesn't have timescale.
WARNING: [XSIM 43-4100] "E:/wb_soc_soccom/wb_soc_soccom.srcs/sources_1/imports/RTL/crypto/aes/table.v" Line 51. Module T has a timescale but at least one module in design doesn't have timescale.
WARNING: [XSIM 43-4100] "E:/wb_soc_soccom/wb_soc_soccom.srcs/sources_1/imports/RTL/crypto/aes/table.v" Line 70. Module S has a timescale but at least one module in design doesn't have timescale.
INFO: [Common 17-14] Message 'XSIM 43-4100' appears 50 times and further instances of the messages will be disabled. Use the Tcl command set_msg_config to change the current settings.
Completed simulation data flow analysis
Time Resolution for simulation is 1ps
Compiling package xil_defaultlib.wb_soc_config
Compiling package xil_defaultlib.wb_soc_functions
Compiling module xil_defaultlib.S
Compiling module xil_defaultlib.S4
Compiling module xil_defaultlib.expand_key_type_D_192
Compiling module xil_defaultlib.expand_key_type_B_192
Compiling module xil_defaultlib.expand_key_type_A_192
Compiling module xil_defaultlib.expand_key_type_C_192
Compiling module xil_defaultlib.xS
Compiling module xil_defaultlib.T
Compiling module xil_defaultlib.table_lookup
Compiling module xil_defaultlib.one_round
Compiling module xil_defaultlib.final_round
Compiling module xil_defaultlib.aes_192
Compiling module xil_defaultlib.aes_top
Compiling module xil_defaultlib.wbram
Compiling module xil_defaultlib.picorv32(ENABLE_COUNTERS=1'b1,EN...
Compiling module xil_defaultlib.picorv32_top
Compiling module xil_defaultlib.sbox1
Compiling module xil_defaultlib.sbox2
Compiling module xil_defaultlib.sbox3
Compiling module xil_defaultlib.sbox4
Compiling module xil_defaultlib.sbox5
Compiling module xil_defaultlib.sbox6
Compiling module xil_defaultlib.sbox7
Compiling module xil_defaultlib.sbox8
Compiling module xil_defaultlib.crp
Compiling module xil_defaultlib.key_sel3
Compiling module xil_defaultlib.des3
Compiling module xil_defaultlib.des3_top_default
Compiling module xil_defaultlib.sha256_k_constants
Compiling module xil_defaultlib.sha256_w_mem
Compiling module xil_defaultlib.sha256
Compiling module xil_defaultlib.sha256_top
Compiling module xil_defaultlib.FIR_filter_firBlock_left_Multipl...
Compiling module xil_defaultlib.FIR_filter_firBlock_left
Compiling module xil_defaultlib.FIR_filter_firBlock_right_Multip...
Compiling module xil_defaultlib.FIR_filter_firBlock_right
Compiling module xil_defaultlib.FIR_filter
Compiling module xil_defaultlib.fir_top
Compiling module xil_defaultlib.shiftRegFIFO(depth=3)
Compiling module xil_defaultlib.shiftRegFIFO
Compiling module xil_defaultlib.memMod_dist(depth=64,width=32,lo...
Compiling module xil_defaultlib.nextReg(depth=31,logDepth=5)
Compiling module xil_defaultlib.shiftRegFIFO(depth=4)
Compiling module xil_defaultlib.nextReg(depth=32,logDepth=5)
Compiling module xil_defaultlib.shiftRegFIFO(depth=31)
Compiling module xil_defaultlib.shiftRegFIFO(depth=3,width=5)
Compiling module xil_defaultlib.swNet7077
Compiling module xil_defaultlib.perm7077
Compiling module xil_defaultlib.rc7079
Compiling module xil_defaultlib.addfxp
Compiling module xil_defaultlib.subfxp
Compiling module xil_defaultlib.codeBlock7081
Compiling module xil_defaultlib.memMod_dist(depth=4,width=32,log...
Compiling module xil_defaultlib.shiftRegFIFO(depth=2)
Compiling module xil_defaultlib.swNet7161
Compiling module xil_defaultlib.perm7161
Compiling module xil_defaultlib.rc7163
Compiling module xil_defaultlib.shiftRegFIFO(depth=7)
Compiling module xil_defaultlib.D18_7334
Compiling module xil_defaultlib.D20_7342
Compiling module xil_defaultlib.multfix(WIDTH=16,CYCLES=2)
Compiling module xil_defaultlib.codeBlock7166
Compiling module xil_defaultlib.DirSum_7344
Compiling module xil_defaultlib.codeBlock7347
Compiling module xil_defaultlib.memMod_dist(depth=8,width=32,log...
Compiling module xil_defaultlib.shiftRegFIFO(depth=3,width=2)
Compiling module xil_defaultlib.swNet7427
Compiling module xil_defaultlib.perm7427
Compiling module xil_defaultlib.rc7429
Compiling module xil_defaultlib.D14_7604
Compiling module xil_defaultlib.D16_7616
Compiling module xil_defaultlib.codeBlock7432
Compiling module xil_defaultlib.DirSum_7618
Compiling module xil_defaultlib.codeBlock7621
Compiling module xil_defaultlib.memMod_dist(depth=16,width=32,lo...
Compiling module xil_defaultlib.shiftRegFIFO(depth=8)
Compiling module xil_defaultlib.shiftRegFIFO(depth=3,width=3)
Compiling module xil_defaultlib.swNet7701
Compiling module xil_defaultlib.perm7701
Compiling module xil_defaultlib.rc7703
Compiling module xil_defaultlib.D10_7886
Compiling module xil_defaultlib.D12_7906
Compiling module xil_defaultlib.codeBlock7706
Compiling module xil_defaultlib.DirSum_7908
Compiling module xil_defaultlib.codeBlock7911
Compiling module xil_defaultlib.memMod_dist(depth=32,width=32,lo...
Compiling module xil_defaultlib.nextReg(depth=15,logDepth=4)
Compiling module xil_defaultlib.nextReg(depth=16,logDepth=4)
Compiling module xil_defaultlib.shiftRegFIFO(depth=15)
Compiling module xil_defaultlib.shiftRegFIFO(depth=3,width=4)
Compiling module xil_defaultlib.swNet7991
Compiling module xil_defaultlib.perm7991
Compiling module xil_defaultlib.rc7993
Compiling module xil_defaultlib.D6_8192
Compiling module xil_defaultlib.D8_8228
Compiling module xil_defaultlib.codeBlock7996
Compiling module xil_defaultlib.DirSum_8230
Compiling module xil_defaultlib.codeBlock8233
Compiling module xil_defaultlib.swNet8313
Compiling module xil_defaultlib.perm8313
Compiling module xil_defaultlib.rc8315
Compiling module xil_defaultlib.D2_8545
Compiling module xil_defaultlib.D4_8613
Compiling module xil_defaultlib.codeBlock8317
Compiling module xil_defaultlib.DirSum_8615
Compiling module xil_defaultlib.codeBlock8618
Compiling module xil_defaultlib.swNet8698
Compiling module xil_defaultlib.perm8698
Compiling module xil_defaultlib.rc8700
Compiling module xil_defaultlib.idft_top
Compiling module xil_defaultlib.idft_top_top
Compiling module xil_defaultlib.swNet82443
Compiling module xil_defaultlib.perm82443
Compiling module xil_defaultlib.rc82445
Compiling module xil_defaultlib.codeBlock82447
Compiling module xil_defaultlib.swNet82527
Compiling module xil_defaultlib.perm82527
Compiling module xil_defaultlib.rc82529
Compiling module xil_defaultlib.D18_82700
Compiling module xil_defaultlib.D20_82708
Compiling module xil_defaultlib.codeBlock82532
Compiling module xil_defaultlib.DirSum_82710
Compiling module xil_defaultlib.codeBlock82713
Compiling module xil_defaultlib.swNet82793
Compiling module xil_defaultlib.perm82793
Compiling module xil_defaultlib.rc82795
Compiling module xil_defaultlib.D14_82970
Compiling module xil_defaultlib.D16_82982
Compiling module xil_defaultlib.codeBlock82798
Compiling module xil_defaultlib.DirSum_82984
Compiling module xil_defaultlib.codeBlock82987
Compiling module xil_defaultlib.swNet83067
Compiling module xil_defaultlib.perm83067
Compiling module xil_defaultlib.rc83069
Compiling module xil_defaultlib.D10_83252
Compiling module xil_defaultlib.D12_83272
Compiling module xil_defaultlib.codeBlock83072
Compiling module xil_defaultlib.DirSum_83274
Compiling module xil_defaultlib.codeBlock83277
Compiling module xil_defaultlib.swNet83357
Compiling module xil_defaultlib.perm83357
Compiling module xil_defaultlib.rc83359
Compiling module xil_defaultlib.D6_83558
Compiling module xil_defaultlib.D8_83594
Compiling module xil_defaultlib.codeBlock83362
Compiling module xil_defaultlib.DirSum_83596
Compiling module xil_defaultlib.codeBlock83599
Compiling module xil_defaultlib.swNet83679
Compiling module xil_defaultlib.perm83679
Compiling module xil_defaultlib.rc83681
Compiling module xil_defaultlib.D2_83911
Compiling module xil_defaultlib.D4_83979
Compiling module xil_defaultlib.codeBlock83683
Compiling module xil_defaultlib.DirSum_83981
Compiling module xil_defaultlib.codeBlock83984
Compiling module xil_defaultlib.swNet84064
Compiling module xil_defaultlib.perm84064
Compiling module xil_defaultlib.rc84066
Compiling module xil_defaultlib.dft_top
Compiling module xil_defaultlib.dft_top_top
Compiling module xil_defaultlib.pancham_round
Compiling module xil_defaultlib.pancham_default
Compiling module xil_defaultlib.md5_top
Compiling module xil_defaultlib.IIR_filter_firBlock_left_Multipl...
Compiling module xil_defaultlib.IIR_filter_firBlock_left
Compiling module xil_defaultlib.IIR_filter_firBlock_right_Multip...
Compiling module xil_defaultlib.IIR_filter_firBlock_right
Compiling module xil_defaultlib.IIR_filter
Compiling module xil_defaultlib.iir_top
Compiling module xil_defaultlib.uart_wb
Compiling module xil_defaultlib.raminfr
Compiling module xil_defaultlib.uart_tfifo
Compiling module xil_defaultlib.uart_transmitter
Compiling module xil_defaultlib.uart_sync_flops(width=1,init_val...
Compiling module xil_defaultlib.uart_rfifo(fifo_width=11)
Compiling module xil_defaultlib.uart_receiver
Compiling module xil_defaultlib.uart_regs
Compiling module xil_defaultlib.uart_top
Compiling module xil_defaultlib.wb_interconnect_arb_rr(N=1)
Compiling module xil_defaultlib.wb_mux(MASTERS=1)
Compiling module xil_defaultlib.wb_decode(SLAVES=10,S0_ENABLE=1'...
Compiling module xil_defaultlib.wb_bus_b3(MASTERS=1,SLAVES=10,S0...
Compiling module xil_defaultlib.top
Compiling module xil_defaultlib.glbl
Built simulation snapshot top_behav
