#-----------------------------------------------------------
# Vivado v2018.3 (64-bit)
# SW Build 2405991 on Thu Dec  6 23:38:27 MST 2018
# IP Build 2404404 on Fri Dec  7 01:43:56 MST 2018
# Start of session at: Thu Mar 19 00:24:27 2020
# Process ID: 47776
# Current directory: C:/Users/atul/Downloads/SoCCom_v1.0 with code base/SoCCom_v1.0/precompiled designs/axi_soc_soccom
# Command line: vivado.exe -gui_launcher_event rodinguilauncherevent42072 C:\Users\atul\Downloads\SoCCom_v1.0 with code base\SoCCom_v1.0\precompiled designs\axi_soc_soccom\axi_soc_soccom.xpr
# Log file: C:/Users/atul/Downloads/SoCCom_v1.0 with code base/SoCCom_v1.0/precompiled designs/axi_soc_soccom/vivado.log
# Journal file: C:/Users/atul/Downloads/SoCCom_v1.0 with code base/SoCCom_v1.0/precompiled designs/axi_soc_soccom\vivado.jou
#-----------------------------------------------------------
start_gui
open_project {C:/Users/atul/Downloads/SoCCom_v1.0 with code base/SoCCom_v1.0/precompiled designs/axi_soc_soccom/axi_soc_soccom.xpr}
INFO: [ProjectBase 1-489] The host OS only allows 260 characters in a normal path. The project is stored in a path with more than 80 characters. If you experience issues with IP, Block Designs, or files not being found, please consider moving the project to a location with a shorter path. Alternately consider using the OS subst command to map part of the path to a drive letter.
Current project path is 'C:/Users/atul/Downloads/SoCCom_v1.0 with code base/SoCCom_v1.0/precompiled designs/axi_soc_soccom'
INFO: [Project 1-313] Project file moved from 'E:/axi_soc_soccom' since last save.
Scanning sources...
Finished scanning sources
INFO: [IP_Flow 19-234] Refreshing IP repositories
INFO: [IP_Flow 19-1704] No user IP repositories specified
INFO: [IP_Flow 19-2313] Loaded Vivado IP repository 'C:/Xilinx/Vivado/2018.3/data/ip'.
open_project: Time (s): cpu = 00:00:14 ; elapsed = 00:00:07 . Memory (MB): peak = 738.672 ; gain = 117.500
update_compile_order -fileset sources_1
open_run synth_1 -name synth_1
Design is defaulting to impl run constrset: constrs_1
Design is defaulting to synth run part: xczu7ev-ffvf1517-1LV-i
INFO: [Netlist 29-17] Analyzing 2207 Unisim elements for replacement
INFO: [Netlist 29-28] Unisim Transformation completed in 2 CPU seconds
INFO: [Project 1-479] Netlist was created with Vivado 2018.3
INFO: [Device 21-403] Loading part xczu7ev-ffvf1517-1LV-i
INFO: [Project 1-570] Preparing netlist for logic optimization
WARNING: [Constraints 18-548] Could not create 'IOSTANDARD' constraint because invalid IOSTANDARD value 'LVPECL_25' specified. The default IOSTANDARD will be used instead. 'IOSTANDARD' is ignored by Vivado but preserved for implementation tool.
Parsing XDC File [C:/Users/atul/Downloads/SoCCom_v1.0 with code base/SoCCom_v1.0/precompiled designs/axi_soc_soccom/axi_soc_soccom.srcs/constrs_1/imports/header/axi_soc_constraints.xdc]
INFO: [Timing 38-35] Done setting XDC timing constraints. [C:/Users/atul/Downloads/SoCCom_v1.0 with code base/SoCCom_v1.0/precompiled designs/axi_soc_soccom/axi_soc_soccom.srcs/constrs_1/imports/header/axi_soc_constraints.xdc:18]
reset_switching_activity: Time (s): cpu = 00:00:18 ; elapsed = 00:00:12 . Memory (MB): peak = 2301.039 ; gain = 267.719
WARNING: [Power 33-233] Modifying set switching activity on constant net <const1> is not allowed [C:/Users/atul/Downloads/SoCCom_v1.0 with code base/SoCCom_v1.0/precompiled designs/axi_soc_soccom/axi_soc_soccom.srcs/constrs_1/imports/header/axi_soc_constraints.xdc:29]
WARNING: [Power 33-233] Modifying set switching activity on constant net <const1> is not allowed [C:/Users/atul/Downloads/SoCCom_v1.0 with code base/SoCCom_v1.0/precompiled designs/axi_soc_soccom/axi_soc_soccom.srcs/constrs_1/imports/header/axi_soc_constraints.xdc:29]
WARNING: [Power 33-233] Modifying set switching activity on constant net <const1> is not allowed [C:/Users/atul/Downloads/SoCCom_v1.0 with code base/SoCCom_v1.0/precompiled designs/axi_soc_soccom/axi_soc_soccom.srcs/constrs_1/imports/header/axi_soc_constraints.xdc:29]
WARNING: [Power 33-233] Modifying set switching activity on constant net <const1> is not allowed [C:/Users/atul/Downloads/SoCCom_v1.0 with code base/SoCCom_v1.0/precompiled designs/axi_soc_soccom/axi_soc_soccom.srcs/constrs_1/imports/header/axi_soc_constraints.xdc:29]
WARNING: [Power 33-233] Modifying set switching activity on constant net <const1> is not allowed [C:/Users/atul/Downloads/SoCCom_v1.0 with code base/SoCCom_v1.0/precompiled designs/axi_soc_soccom/axi_soc_soccom.srcs/constrs_1/imports/header/axi_soc_constraints.xdc:29]
WARNING: [Power 33-233] Modifying set switching activity on constant net <const1> is not allowed [C:/Users/atul/Downloads/SoCCom_v1.0 with code base/SoCCom_v1.0/precompiled designs/axi_soc_soccom/axi_soc_soccom.srcs/constrs_1/imports/header/axi_soc_constraints.xdc:29]
WARNING: [Power 33-233] Modifying set switching activity on constant net <const1> is not allowed [C:/Users/atul/Downloads/SoCCom_v1.0 with code base/SoCCom_v1.0/precompiled designs/axi_soc_soccom/axi_soc_soccom.srcs/constrs_1/imports/header/axi_soc_constraints.xdc:29]
WARNING: [Power 33-233] Modifying set switching activity on constant net <const1> is not allowed [C:/Users/atul/Downloads/SoCCom_v1.0 with code base/SoCCom_v1.0/precompiled designs/axi_soc_soccom/axi_soc_soccom.srcs/constrs_1/imports/header/axi_soc_constraints.xdc:29]
WARNING: [Power 33-233] Modifying set switching activity on constant net <const1> is not allowed [C:/Users/atul/Downloads/SoCCom_v1.0 with code base/SoCCom_v1.0/precompiled designs/axi_soc_soccom/axi_soc_soccom.srcs/constrs_1/imports/header/axi_soc_constraints.xdc:29]
WARNING: [Power 33-233] Modifying set switching activity on constant net <const1> is not allowed [C:/Users/atul/Downloads/SoCCom_v1.0 with code base/SoCCom_v1.0/precompiled designs/axi_soc_soccom/axi_soc_soccom.srcs/constrs_1/imports/header/axi_soc_constraints.xdc:29]
WARNING: [Power 33-233] Modifying set switching activity on constant net <const1> is not allowed [C:/Users/atul/Downloads/SoCCom_v1.0 with code base/SoCCom_v1.0/precompiled designs/axi_soc_soccom/axi_soc_soccom.srcs/constrs_1/imports/header/axi_soc_constraints.xdc:29]
WARNING: [Power 33-233] Modifying set switching activity on constant net <const1> is not allowed [C:/Users/atul/Downloads/SoCCom_v1.0 with code base/SoCCom_v1.0/precompiled designs/axi_soc_soccom/axi_soc_soccom.srcs/constrs_1/imports/header/axi_soc_constraints.xdc:29]
WARNING: [Power 33-233] Modifying set switching activity on constant net <const1> is not allowed [C:/Users/atul/Downloads/SoCCom_v1.0 with code base/SoCCom_v1.0/precompiled designs/axi_soc_soccom/axi_soc_soccom.srcs/constrs_1/imports/header/axi_soc_constraints.xdc:29]
WARNING: [Power 33-233] Modifying set switching activity on constant net <const1> is not allowed [C:/Users/atul/Downloads/SoCCom_v1.0 with code base/SoCCom_v1.0/precompiled designs/axi_soc_soccom/axi_soc_soccom.srcs/constrs_1/imports/header/axi_soc_constraints.xdc:29]
WARNING: [Power 33-233] Modifying set switching activity on constant net <const1> is not allowed [C:/Users/atul/Downloads/SoCCom_v1.0 with code base/SoCCom_v1.0/precompiled designs/axi_soc_soccom/axi_soc_soccom.srcs/constrs_1/imports/header/axi_soc_constraints.xdc:29]
WARNING: [Power 33-233] Modifying set switching activity on constant net <const1> is not allowed [C:/Users/atul/Downloads/SoCCom_v1.0 with code base/SoCCom_v1.0/precompiled designs/axi_soc_soccom/axi_soc_soccom.srcs/constrs_1/imports/header/axi_soc_constraints.xdc:29]
WARNING: [Power 33-233] Modifying set switching activity on constant net <const1> is not allowed [C:/Users/atul/Downloads/SoCCom_v1.0 with code base/SoCCom_v1.0/precompiled designs/axi_soc_soccom/axi_soc_soccom.srcs/constrs_1/imports/header/axi_soc_constraints.xdc:29]
WARNING: [Power 33-233] Modifying set switching activity on constant net <const1> is not allowed [C:/Users/atul/Downloads/SoCCom_v1.0 with code base/SoCCom_v1.0/precompiled designs/axi_soc_soccom/axi_soc_soccom.srcs/constrs_1/imports/header/axi_soc_constraints.xdc:29]
WARNING: [Power 33-233] Modifying set switching activity on constant net <const1> is not allowed [C:/Users/atul/Downloads/SoCCom_v1.0 with code base/SoCCom_v1.0/precompiled designs/axi_soc_soccom/axi_soc_soccom.srcs/constrs_1/imports/header/axi_soc_constraints.xdc:29]
WARNING: [Power 33-233] Modifying set switching activity on constant net <const1> is not allowed [C:/Users/atul/Downloads/SoCCom_v1.0 with code base/SoCCom_v1.0/precompiled designs/axi_soc_soccom/axi_soc_soccom.srcs/constrs_1/imports/header/axi_soc_constraints.xdc:29]
WARNING: [Power 33-233] Modifying set switching activity on constant net <const1> is not allowed [C:/Users/atul/Downloads/SoCCom_v1.0 with code base/SoCCom_v1.0/precompiled designs/axi_soc_soccom/axi_soc_soccom.srcs/constrs_1/imports/header/axi_soc_constraints.xdc:29]
WARNING: [Power 33-233] Modifying set switching activity on constant net <const1> is not allowed [C:/Users/atul/Downloads/SoCCom_v1.0 with code base/SoCCom_v1.0/precompiled designs/axi_soc_soccom/axi_soc_soccom.srcs/constrs_1/imports/header/axi_soc_constraints.xdc:29]
WARNING: [Power 33-233] Modifying set switching activity on constant net <const1> is not allowed [C:/Users/atul/Downloads/SoCCom_v1.0 with code base/SoCCom_v1.0/precompiled designs/axi_soc_soccom/axi_soc_soccom.srcs/constrs_1/imports/header/axi_soc_constraints.xdc:29]
WARNING: [Power 33-233] Modifying set switching activity on constant net <const1> is not allowed [C:/Users/atul/Downloads/SoCCom_v1.0 with code base/SoCCom_v1.0/precompiled designs/axi_soc_soccom/axi_soc_soccom.srcs/constrs_1/imports/header/axi_soc_constraints.xdc:29]
WARNING: [Power 33-233] Modifying set switching activity on constant net <const1> is not allowed [C:/Users/atul/Downloads/SoCCom_v1.0 with code base/SoCCom_v1.0/precompiled designs/axi_soc_soccom/axi_soc_soccom.srcs/constrs_1/imports/header/axi_soc_constraints.xdc:29]
WARNING: [Power 33-233] Modifying set switching activity on constant net <const1> is not allowed [C:/Users/atul/Downloads/SoCCom_v1.0 with code base/SoCCom_v1.0/precompiled designs/axi_soc_soccom/axi_soc_soccom.srcs/constrs_1/imports/header/axi_soc_constraints.xdc:29]
WARNING: [Power 33-233] Modifying set switching activity on constant net <const1> is not allowed [C:/Users/atul/Downloads/SoCCom_v1.0 with code base/SoCCom_v1.0/precompiled designs/axi_soc_soccom/axi_soc_soccom.srcs/constrs_1/imports/header/axi_soc_constraints.xdc:29]
WARNING: [Power 33-233] Modifying set switching activity on constant net <const1> is not allowed [C:/Users/atul/Downloads/SoCCom_v1.0 with code base/SoCCom_v1.0/precompiled designs/axi_soc_soccom/axi_soc_soccom.srcs/constrs_1/imports/header/axi_soc_constraints.xdc:29]
WARNING: [Power 33-233] Modifying set switching activity on constant net <const1> is not allowed [C:/Users/atul/Downloads/SoCCom_v1.0 with code base/SoCCom_v1.0/precompiled designs/axi_soc_soccom/axi_soc_soccom.srcs/constrs_1/imports/header/axi_soc_constraints.xdc:29]
WARNING: [Power 33-233] Modifying set switching activity on constant net <const1> is not allowed [C:/Users/atul/Downloads/SoCCom_v1.0 with code base/SoCCom_v1.0/precompiled designs/axi_soc_soccom/axi_soc_soccom.srcs/constrs_1/imports/header/axi_soc_constraints.xdc:29]
WARNING: [Power 33-233] Modifying set switching activity on constant net <const1> is not allowed [C:/Users/atul/Downloads/SoCCom_v1.0 with code base/SoCCom_v1.0/precompiled designs/axi_soc_soccom/axi_soc_soccom.srcs/constrs_1/imports/header/axi_soc_constraints.xdc:29]
WARNING: [Power 33-233] Modifying set switching activity on constant net <const1> is not allowed [C:/Users/atul/Downloads/SoCCom_v1.0 with code base/SoCCom_v1.0/precompiled designs/axi_soc_soccom/axi_soc_soccom.srcs/constrs_1/imports/header/axi_soc_constraints.xdc:29]
WARNING: [Power 33-233] Modifying set switching activity on constant net <const1> is not allowed [C:/Users/atul/Downloads/SoCCom_v1.0 with code base/SoCCom_v1.0/precompiled designs/axi_soc_soccom/axi_soc_soccom.srcs/constrs_1/imports/header/axi_soc_constraints.xdc:29]
WARNING: [Power 33-233] Modifying set switching activity on constant net <const1> is not allowed [C:/Users/atul/Downloads/SoCCom_v1.0 with code base/SoCCom_v1.0/precompiled designs/axi_soc_soccom/axi_soc_soccom.srcs/constrs_1/imports/header/axi_soc_constraints.xdc:29]
WARNING: [Power 33-233] Modifying set switching activity on constant net <const1> is not allowed [C:/Users/atul/Downloads/SoCCom_v1.0 with code base/SoCCom_v1.0/precompiled designs/axi_soc_soccom/axi_soc_soccom.srcs/constrs_1/imports/header/axi_soc_constraints.xdc:29]
WARNING: [Power 33-233] Modifying set switching activity on constant net <const1> is not allowed [C:/Users/atul/Downloads/SoCCom_v1.0 with code base/SoCCom_v1.0/precompiled designs/axi_soc_soccom/axi_soc_soccom.srcs/constrs_1/imports/header/axi_soc_constraints.xdc:29]
WARNING: [Power 33-233] Modifying set switching activity on constant net <const1> is not allowed [C:/Users/atul/Downloads/SoCCom_v1.0 with code base/SoCCom_v1.0/precompiled designs/axi_soc_soccom/axi_soc_soccom.srcs/constrs_1/imports/header/axi_soc_constraints.xdc:29]
WARNING: [Power 33-233] Modifying set switching activity on constant net <const1> is not allowed [C:/Users/atul/Downloads/SoCCom_v1.0 with code base/SoCCom_v1.0/precompiled designs/axi_soc_soccom/axi_soc_soccom.srcs/constrs_1/imports/header/axi_soc_constraints.xdc:29]
WARNING: [Power 33-233] Modifying set switching activity on constant net <const1> is not allowed [C:/Users/atul/Downloads/SoCCom_v1.0 with code base/SoCCom_v1.0/precompiled designs/axi_soc_soccom/axi_soc_soccom.srcs/constrs_1/imports/header/axi_soc_constraints.xdc:29]
WARNING: [Power 33-233] Modifying set switching activity on constant net <const1> is not allowed [C:/Users/atul/Downloads/SoCCom_v1.0 with code base/SoCCom_v1.0/precompiled designs/axi_soc_soccom/axi_soc_soccom.srcs/constrs_1/imports/header/axi_soc_constraints.xdc:29]
WARNING: [Power 33-233] Modifying set switching activity on constant net <const1> is not allowed [C:/Users/atul/Downloads/SoCCom_v1.0 with code base/SoCCom_v1.0/precompiled designs/axi_soc_soccom/axi_soc_soccom.srcs/constrs_1/imports/header/axi_soc_constraints.xdc:29]
WARNING: [Power 33-233] Modifying set switching activity on constant net <const1> is not allowed [C:/Users/atul/Downloads/SoCCom_v1.0 with code base/SoCCom_v1.0/precompiled designs/axi_soc_soccom/axi_soc_soccom.srcs/constrs_1/imports/header/axi_soc_constraints.xdc:29]
WARNING: [Power 33-233] Modifying set switching activity on constant net <const1> is not allowed [C:/Users/atul/Downloads/SoCCom_v1.0 with code base/SoCCom_v1.0/precompiled designs/axi_soc_soccom/axi_soc_soccom.srcs/constrs_1/imports/header/axi_soc_constraints.xdc:29]
WARNING: [Power 33-233] Modifying set switching activity on constant net <const1> is not allowed [C:/Users/atul/Downloads/SoCCom_v1.0 with code base/SoCCom_v1.0/precompiled designs/axi_soc_soccom/axi_soc_soccom.srcs/constrs_1/imports/header/axi_soc_constraints.xdc:29]
WARNING: [Power 33-233] Modifying set switching activity on constant net <const1> is not allowed [C:/Users/atul/Downloads/SoCCom_v1.0 with code base/SoCCom_v1.0/precompiled designs/axi_soc_soccom/axi_soc_soccom.srcs/constrs_1/imports/header/axi_soc_constraints.xdc:29]
WARNING: [Power 33-233] Modifying set switching activity on constant net <const1> is not allowed [C:/Users/atul/Downloads/SoCCom_v1.0 with code base/SoCCom_v1.0/precompiled designs/axi_soc_soccom/axi_soc_soccom.srcs/constrs_1/imports/header/axi_soc_constraints.xdc:29]
WARNING: [Power 33-233] Modifying set switching activity on constant net <const1> is not allowed [C:/Users/atul/Downloads/SoCCom_v1.0 with code base/SoCCom_v1.0/precompiled designs/axi_soc_soccom/axi_soc_soccom.srcs/constrs_1/imports/header/axi_soc_constraints.xdc:29]
WARNING: [Power 33-233] Modifying set switching activity on constant net <const1> is not allowed [C:/Users/atul/Downloads/SoCCom_v1.0 with code base/SoCCom_v1.0/precompiled designs/axi_soc_soccom/axi_soc_soccom.srcs/constrs_1/imports/header/axi_soc_constraints.xdc:29]
WARNING: [Power 33-233] Modifying set switching activity on constant net <const1> is not allowed [C:/Users/atul/Downloads/SoCCom_v1.0 with code base/SoCCom_v1.0/precompiled designs/axi_soc_soccom/axi_soc_soccom.srcs/constrs_1/imports/header/axi_soc_constraints.xdc:29]
WARNING: [Power 33-233] Modifying set switching activity on constant net <const1> is not allowed [C:/Users/atul/Downloads/SoCCom_v1.0 with code base/SoCCom_v1.0/precompiled designs/axi_soc_soccom/axi_soc_soccom.srcs/constrs_1/imports/header/axi_soc_constraints.xdc:29]
WARNING: [Power 33-233] Modifying set switching activity on constant net <const1> is not allowed [C:/Users/atul/Downloads/SoCCom_v1.0 with code base/SoCCom_v1.0/precompiled designs/axi_soc_soccom/axi_soc_soccom.srcs/constrs_1/imports/header/axi_soc_constraints.xdc:29]
WARNING: [Power 33-233] Modifying set switching activity on constant net <const1> is not allowed [C:/Users/atul/Downloads/SoCCom_v1.0 with code base/SoCCom_v1.0/precompiled designs/axi_soc_soccom/axi_soc_soccom.srcs/constrs_1/imports/header/axi_soc_constraints.xdc:29]
WARNING: [Power 33-233] Modifying set switching activity on constant net <const1> is not allowed [C:/Users/atul/Downloads/SoCCom_v1.0 with code base/SoCCom_v1.0/precompiled designs/axi_soc_soccom/axi_soc_soccom.srcs/constrs_1/imports/header/axi_soc_constraints.xdc:29]
WARNING: [Power 33-233] Modifying set switching activity on constant net <const1> is not allowed [C:/Users/atul/Downloads/SoCCom_v1.0 with code base/SoCCom_v1.0/precompiled designs/axi_soc_soccom/axi_soc_soccom.srcs/constrs_1/imports/header/axi_soc_constraints.xdc:29]
WARNING: [Power 33-233] Modifying set switching activity on constant net <const1> is not allowed [C:/Users/atul/Downloads/SoCCom_v1.0 with code base/SoCCom_v1.0/precompiled designs/axi_soc_soccom/axi_soc_soccom.srcs/constrs_1/imports/header/axi_soc_constraints.xdc:29]
WARNING: [Power 33-233] Modifying set switching activity on constant net <const1> is not allowed [C:/Users/atul/Downloads/SoCCom_v1.0 with code base/SoCCom_v1.0/precompiled designs/axi_soc_soccom/axi_soc_soccom.srcs/constrs_1/imports/header/axi_soc_constraints.xdc:29]
WARNING: [Power 33-233] Modifying set switching activity on constant net <const1> is not allowed [C:/Users/atul/Downloads/SoCCom_v1.0 with code base/SoCCom_v1.0/precompiled designs/axi_soc_soccom/axi_soc_soccom.srcs/constrs_1/imports/header/axi_soc_constraints.xdc:29]
WARNING: [Power 33-233] Modifying set switching activity on constant net <const1> is not allowed [C:/Users/atul/Downloads/SoCCom_v1.0 with code base/SoCCom_v1.0/precompiled designs/axi_soc_soccom/axi_soc_soccom.srcs/constrs_1/imports/header/axi_soc_constraints.xdc:29]
WARNING: [Power 33-233] Modifying set switching activity on constant net <const1> is not allowed [C:/Users/atul/Downloads/SoCCom_v1.0 with code base/SoCCom_v1.0/precompiled designs/axi_soc_soccom/axi_soc_soccom.srcs/constrs_1/imports/header/axi_soc_constraints.xdc:29]
WARNING: [Power 33-233] Modifying set switching activity on constant net <const1> is not allowed [C:/Users/atul/Downloads/SoCCom_v1.0 with code base/SoCCom_v1.0/precompiled designs/axi_soc_soccom/axi_soc_soccom.srcs/constrs_1/imports/header/axi_soc_constraints.xdc:29]
WARNING: [Power 33-233] Modifying set switching activity on constant net <const1> is not allowed [C:/Users/atul/Downloads/SoCCom_v1.0 with code base/SoCCom_v1.0/precompiled designs/axi_soc_soccom/axi_soc_soccom.srcs/constrs_1/imports/header/axi_soc_constraints.xdc:29]
WARNING: [Power 33-233] Modifying set switching activity on constant net <const1> is not allowed [C:/Users/atul/Downloads/SoCCom_v1.0 with code base/SoCCom_v1.0/precompiled designs/axi_soc_soccom/axi_soc_soccom.srcs/constrs_1/imports/header/axi_soc_constraints.xdc:29]
WARNING: [Power 33-233] Modifying set switching activity on constant net <const1> is not allowed [C:/Users/atul/Downloads/SoCCom_v1.0 with code base/SoCCom_v1.0/precompiled designs/axi_soc_soccom/axi_soc_soccom.srcs/constrs_1/imports/header/axi_soc_constraints.xdc:29]
WARNING: [Power 33-233] Modifying set switching activity on constant net <const1> is not allowed [C:/Users/atul/Downloads/SoCCom_v1.0 with code base/SoCCom_v1.0/precompiled designs/axi_soc_soccom/axi_soc_soccom.srcs/constrs_1/imports/header/axi_soc_constraints.xdc:29]
WARNING: [Power 33-233] Modifying set switching activity on constant net <const1> is not allowed [C:/Users/atul/Downloads/SoCCom_v1.0 with code base/SoCCom_v1.0/precompiled designs/axi_soc_soccom/axi_soc_soccom.srcs/constrs_1/imports/header/axi_soc_constraints.xdc:29]
WARNING: [Power 33-233] Modifying set switching activity on constant net <const1> is not allowed [C:/Users/atul/Downloads/SoCCom_v1.0 with code base/SoCCom_v1.0/precompiled designs/axi_soc_soccom/axi_soc_soccom.srcs/constrs_1/imports/header/axi_soc_constraints.xdc:29]
WARNING: [Power 33-233] Modifying set switching activity on constant net <const1> is not allowed [C:/Users/atul/Downloads/SoCCom_v1.0 with code base/SoCCom_v1.0/precompiled designs/axi_soc_soccom/axi_soc_soccom.srcs/constrs_1/imports/header/axi_soc_constraints.xdc:29]
WARNING: [Power 33-233] Modifying set switching activity on constant net <const1> is not allowed [C:/Users/atul/Downloads/SoCCom_v1.0 with code base/SoCCom_v1.0/precompiled designs/axi_soc_soccom/axi_soc_soccom.srcs/constrs_1/imports/header/axi_soc_constraints.xdc:29]
WARNING: [Power 33-233] Modifying set switching activity on constant net <const1> is not allowed [C:/Users/atul/Downloads/SoCCom_v1.0 with code base/SoCCom_v1.0/precompiled designs/axi_soc_soccom/axi_soc_soccom.srcs/constrs_1/imports/header/axi_soc_constraints.xdc:29]
WARNING: [Power 33-233] Modifying set switching activity on constant net <const1> is not allowed [C:/Users/atul/Downloads/SoCCom_v1.0 with code base/SoCCom_v1.0/precompiled designs/axi_soc_soccom/axi_soc_soccom.srcs/constrs_1/imports/header/axi_soc_constraints.xdc:29]
WARNING: [Power 33-233] Modifying set switching activity on constant net <const1> is not allowed [C:/Users/atul/Downloads/SoCCom_v1.0 with code base/SoCCom_v1.0/precompiled designs/axi_soc_soccom/axi_soc_soccom.srcs/constrs_1/imports/header/axi_soc_constraints.xdc:29]
WARNING: [Power 33-233] Modifying set switching activity on constant net <const1> is not allowed [C:/Users/atul/Downloads/SoCCom_v1.0 with code base/SoCCom_v1.0/precompiled designs/axi_soc_soccom/axi_soc_soccom.srcs/constrs_1/imports/header/axi_soc_constraints.xdc:29]
WARNING: [Power 33-233] Modifying set switching activity on constant net <const1> is not allowed [C:/Users/atul/Downloads/SoCCom_v1.0 with code base/SoCCom_v1.0/precompiled designs/axi_soc_soccom/axi_soc_soccom.srcs/constrs_1/imports/header/axi_soc_constraints.xdc:29]
WARNING: [Power 33-233] Modifying set switching activity on constant net <const1> is not allowed [C:/Users/atul/Downloads/SoCCom_v1.0 with code base/SoCCom_v1.0/precompiled designs/axi_soc_soccom/axi_soc_soccom.srcs/constrs_1/imports/header/axi_soc_constraints.xdc:29]
WARNING: [Power 33-233] Modifying set switching activity on constant net <const1> is not allowed [C:/Users/atul/Downloads/SoCCom_v1.0 with code base/SoCCom_v1.0/precompiled designs/axi_soc_soccom/axi_soc_soccom.srcs/constrs_1/imports/header/axi_soc_constraints.xdc:29]
WARNING: [Power 33-233] Modifying set switching activity on constant net <const1> is not allowed [C:/Users/atul/Downloads/SoCCom_v1.0 with code base/SoCCom_v1.0/precompiled designs/axi_soc_soccom/axi_soc_soccom.srcs/constrs_1/imports/header/axi_soc_constraints.xdc:29]
WARNING: [Power 33-233] Modifying set switching activity on constant net <const1> is not allowed [C:/Users/atul/Downloads/SoCCom_v1.0 with code base/SoCCom_v1.0/precompiled designs/axi_soc_soccom/axi_soc_soccom.srcs/constrs_1/imports/header/axi_soc_constraints.xdc:29]
WARNING: [Power 33-233] Modifying set switching activity on constant net <const1> is not allowed [C:/Users/atul/Downloads/SoCCom_v1.0 with code base/SoCCom_v1.0/precompiled designs/axi_soc_soccom/axi_soc_soccom.srcs/constrs_1/imports/header/axi_soc_constraints.xdc:29]
WARNING: [Power 33-233] Modifying set switching activity on constant net <const1> is not allowed [C:/Users/atul/Downloads/SoCCom_v1.0 with code base/SoCCom_v1.0/precompiled designs/axi_soc_soccom/axi_soc_soccom.srcs/constrs_1/imports/header/axi_soc_constraints.xdc:29]
WARNING: [Power 33-233] Modifying set switching activity on constant net <const1> is not allowed [C:/Users/atul/Downloads/SoCCom_v1.0 with code base/SoCCom_v1.0/precompiled designs/axi_soc_soccom/axi_soc_soccom.srcs/constrs_1/imports/header/axi_soc_constraints.xdc:29]
WARNING: [Power 33-233] Modifying set switching activity on constant net <const1> is not allowed [C:/Users/atul/Downloads/SoCCom_v1.0 with code base/SoCCom_v1.0/precompiled designs/axi_soc_soccom/axi_soc_soccom.srcs/constrs_1/imports/header/axi_soc_constraints.xdc:29]
WARNING: [Power 33-233] Modifying set switching activity on constant net <const1> is not allowed [C:/Users/atul/Downloads/SoCCom_v1.0 with code base/SoCCom_v1.0/precompiled designs/axi_soc_soccom/axi_soc_soccom.srcs/constrs_1/imports/header/axi_soc_constraints.xdc:29]
WARNING: [Power 33-233] Modifying set switching activity on constant net <const1> is not allowed [C:/Users/atul/Downloads/SoCCom_v1.0 with code base/SoCCom_v1.0/precompiled designs/axi_soc_soccom/axi_soc_soccom.srcs/constrs_1/imports/header/axi_soc_constraints.xdc:29]
WARNING: [Power 33-233] Modifying set switching activity on constant net <const1> is not allowed [C:/Users/atul/Downloads/SoCCom_v1.0 with code base/SoCCom_v1.0/precompiled designs/axi_soc_soccom/axi_soc_soccom.srcs/constrs_1/imports/header/axi_soc_constraints.xdc:29]
WARNING: [Power 33-233] Modifying set switching activity on constant net <const1> is not allowed [C:/Users/atul/Downloads/SoCCom_v1.0 with code base/SoCCom_v1.0/precompiled designs/axi_soc_soccom/axi_soc_soccom.srcs/constrs_1/imports/header/axi_soc_constraints.xdc:29]
WARNING: [Power 33-233] Modifying set switching activity on constant net <const1> is not allowed [C:/Users/atul/Downloads/SoCCom_v1.0 with code base/SoCCom_v1.0/precompiled designs/axi_soc_soccom/axi_soc_soccom.srcs/constrs_1/imports/header/axi_soc_constraints.xdc:29]
WARNING: [Power 33-233] Modifying set switching activity on constant net <const1> is not allowed [C:/Users/atul/Downloads/SoCCom_v1.0 with code base/SoCCom_v1.0/precompiled designs/axi_soc_soccom/axi_soc_soccom.srcs/constrs_1/imports/header/axi_soc_constraints.xdc:29]
WARNING: [Power 33-233] Modifying set switching activity on constant net <const1> is not allowed [C:/Users/atul/Downloads/SoCCom_v1.0 with code base/SoCCom_v1.0/precompiled designs/axi_soc_soccom/axi_soc_soccom.srcs/constrs_1/imports/header/axi_soc_constraints.xdc:29]
WARNING: [Power 33-233] Modifying set switching activity on constant net <const1> is not allowed [C:/Users/atul/Downloads/SoCCom_v1.0 with code base/SoCCom_v1.0/precompiled designs/axi_soc_soccom/axi_soc_soccom.srcs/constrs_1/imports/header/axi_soc_constraints.xdc:29]
WARNING: [Power 33-233] Modifying set switching activity on constant net <const1> is not allowed [C:/Users/atul/Downloads/SoCCom_v1.0 with code base/SoCCom_v1.0/precompiled designs/axi_soc_soccom/axi_soc_soccom.srcs/constrs_1/imports/header/axi_soc_constraints.xdc:29]
WARNING: [Power 33-233] Modifying set switching activity on constant net <const1> is not allowed [C:/Users/atul/Downloads/SoCCom_v1.0 with code base/SoCCom_v1.0/precompiled designs/axi_soc_soccom/axi_soc_soccom.srcs/constrs_1/imports/header/axi_soc_constraints.xdc:29]
WARNING: [Power 33-233] Modifying set switching activity on constant net <const1> is not allowed [C:/Users/atul/Downloads/SoCCom_v1.0 with code base/SoCCom_v1.0/precompiled designs/axi_soc_soccom/axi_soc_soccom.srcs/constrs_1/imports/header/axi_soc_constraints.xdc:29]
WARNING: [Power 33-233] Modifying set switching activity on constant net <const1> is not allowed [C:/Users/atul/Downloads/SoCCom_v1.0 with code base/SoCCom_v1.0/precompiled designs/axi_soc_soccom/axi_soc_soccom.srcs/constrs_1/imports/header/axi_soc_constraints.xdc:29]
WARNING: [Power 33-233] Modifying set switching activity on constant net <const1> is not allowed [C:/Users/atul/Downloads/SoCCom_v1.0 with code base/SoCCom_v1.0/precompiled designs/axi_soc_soccom/axi_soc_soccom.srcs/constrs_1/imports/header/axi_soc_constraints.xdc:29]
WARNING: [Power 33-233] Modifying set switching activity on constant net <const1> is not allowed [C:/Users/atul/Downloads/SoCCom_v1.0 with code base/SoCCom_v1.0/precompiled designs/axi_soc_soccom/axi_soc_soccom.srcs/constrs_1/imports/header/axi_soc_constraints.xdc:29]
WARNING: [Power 33-233] Modifying set switching activity on constant net <const1> is not allowed [C:/Users/atul/Downloads/SoCCom_v1.0 with code base/SoCCom_v1.0/precompiled designs/axi_soc_soccom/axi_soc_soccom.srcs/constrs_1/imports/header/axi_soc_constraints.xdc:29]
WARNING: [Power 33-233] Modifying set switching activity on constant net <const1> is not allowed [C:/Users/atul/Downloads/SoCCom_v1.0 with code base/SoCCom_v1.0/precompiled designs/axi_soc_soccom/axi_soc_soccom.srcs/constrs_1/imports/header/axi_soc_constraints.xdc:29]
WARNING: [Power 33-233] Modifying set switching activity on constant net <const1> is not allowed [C:/Users/atul/Downloads/SoCCom_v1.0 with code base/SoCCom_v1.0/precompiled designs/axi_soc_soccom/axi_soc_soccom.srcs/constrs_1/imports/header/axi_soc_constraints.xdc:29]
WARNING: [Power 33-233] Modifying set switching activity on constant net <const1> is not allowed [C:/Users/atul/Downloads/SoCCom_v1.0 with code base/SoCCom_v1.0/precompiled designs/axi_soc_soccom/axi_soc_soccom.srcs/constrs_1/imports/header/axi_soc_constraints.xdc:29]
WARNING: [Power 33-233] Modifying set switching activity on constant net <const1> is not allowed [C:/Users/atul/Downloads/SoCCom_v1.0 with code base/SoCCom_v1.0/precompiled designs/axi_soc_soccom/axi_soc_soccom.srcs/constrs_1/imports/header/axi_soc_constraints.xdc:29]
INFO: [Common 17-14] Message 'Power 33-233' appears 100 times and further instances of the messages will be disabled. Use the Tcl command set_msg_config to change the current settings. [C:/Users/atul/Downloads/SoCCom_v1.0 with code base/SoCCom_v1.0/precompiled designs/axi_soc_soccom/axi_soc_soccom.srcs/constrs_1/imports/header/axi_soc_constraints.xdc:29]
Finished Parsing XDC File [C:/Users/atul/Downloads/SoCCom_v1.0 with code base/SoCCom_v1.0/precompiled designs/axi_soc_soccom/axi_soc_soccom.srcs/constrs_1/imports/header/axi_soc_constraints.xdc]
INFO: [Opt 31-138] Pushed 0 inverter(s) to 0 load pin(s).
Netlist sorting complete. Time (s): cpu = 00:00:00 ; elapsed = 00:00:00.019 . Memory (MB): peak = 2301.039 ; gain = 0.000
INFO: [Project 1-111] Unisim Transformation Summary:
  A total of 272 instances were transformed.
  DSP48E2 => DSP48E2 (DSP_ALU, DSP_A_B_DATA, DSP_C_DATA, DSP_MULTIPLIER, DSP_M_DATA, DSP_OUTPUT, DSP_PREADD_DATA, DSP_PREADD): 40 instances
  IBUF => IBUF (IBUFCTRL, INBUF): 3 instances
  IBUFGDS_LVPECL_25 => IBUFDS (DIFFINBUF, IBUFCTRL): 1 instances
  RAM32M16 => RAM32M16 (RAMD32, RAMD32, RAMD32, RAMD32, RAMD32, RAMD32, RAMD32, RAMD32, RAMD32, RAMD32, RAMD32, RAMD32, RAMD32, RAMD32, RAMS32, RAMS32): 108 instances
  RAM64M8 => RAM64M8 (RAMD64E, RAMD64E, RAMD64E, RAMD64E, RAMD64E, RAMD64E, RAMD64E, RAMD64E): 120 instances

open_run: Time (s): cpu = 00:01:00 ; elapsed = 00:00:39 . Memory (MB): peak = 2632.813 ; gain = 1797.352
exit
INFO: [Common 17-206] Exiting Vivado at Thu Mar 19 00:27:30 2020...
